Log file open, 09/08/17 00:35:56
LogInit:Display: Running engine for game: PinballGame
LogPlatformFile: Not using cached read wrapper
LogInit:Display: RandInit(-397644404) SRandInit(-397644404).
LogTaskGraph: Started task graph with 5 named threads and 12 total threads with 1 sets of task threads.
LogStats: Stats thread started at 0.153787
LogInit: Using libcurl 7.47.1
LogInit:  - built for x86_64-pc-win32
LogInit:  - supports SSL with OpenSSL/1.0.2g
LogInit:  - supports HTTP deflate (compression) using libz 1.2.8
LogInit:  - other features:
LogInit:      CURL_VERSION_SSL
LogInit:      CURL_VERSION_LIBZ
LogInit:      CURL_VERSION_IPV6
LogInit:      CURL_VERSION_ASYNCHDNS
LogInit:      CURL_VERSION_LARGEFILE
LogInit:      CURL_VERSION_IDN
LogInit:  CurlRequestOptions (configurable via config and command line):
LogInit:  - bVerifyPeer = false  - Libcurl will NOT verify peer certificate
LogInit:  - bUseHttpProxy = false  - Libcurl will NOT use HTTP proxy
LogInit:  - bDontReuseConnections = false  - Libcurl will reuse connections
LogInit:  - CertBundlePath = nullptr  - Libcurl will use whatever was configured at build time.
OCULUS: Info: [CAPI] LibOVR module is located at C:\Program Files\Oculus\Support\oculus-runtime\LibOVRRT64_1.dll
OCULUS: Debug: Connected to the server running version (prod = 1).1.17.0(build = 424315) feature version = 0. Client runs version (prod = 1).1.17.0(build = 424315) feature version = 0
LogHMD: GearVR: Emulating GearVR using Oculus Rift!
LogInit: Build: ++UE4+Release-4.16-CL-3561208
LogInit: Engine Version: 4.16.3-3561208+++UE4+Release-4.16
LogInit: Compatible Engine Version: 4.16.0-3452394+++UE4+Release-4.16
LogInit: Net CL: 3452394
LogDevObjectVersion: Number of dev versions registered: 16
LogDevObjectVersion:   Dev-Blueprints (B0D832E4-1F89-4F0D-ACCF-7EB736FD4AA2): 9
LogDevObjectVersion:   Dev-Build (E1C64328-A22C-4D53-A36C-8E866417BD8C): 0
LogDevObjectVersion:   Dev-Core (375EC13C-06E4-48FB-B500-84F0262A717E): 2
LogDevObjectVersion:   Dev-Editor (E4B068ED-F494-42E9-A231-DA0B2E46BB41): 17
LogDevObjectVersion:   Dev-Framework (CFFC743F-43B0-4480-9391-14DF171D2073): 23
LogDevObjectVersion:   Dev-Mobile (B02B49B5-BB20-44E9-A304-32B752E40360): 0
LogDevObjectVersion:   Dev-Networking (A4E4105C-59A1-49B5-A7C5-40C4547EDFEE): 0
LogDevObjectVersion:   Dev-Online (39C831C9-5AE6-47DC-9A44-9C173E1C8E7C): 0
LogDevObjectVersion:   Dev-Physics (78F01B33-EBEA-4F98-B9B4-84EACCB95AA2): 0
LogDevObjectVersion:   Dev-Platform (6631380F-2D4D-43E0-8009-CF276956A95A): 0
LogDevObjectVersion:   Dev-Rendering (12F88B9F-8875-4AFC-A67C-D90C383ABD29): 15
LogDevObjectVersion:   Dev-Sequencer (7B5AE74C-D270-4C10-A958-57980B212A5A): 4
LogDevObjectVersion:   Dev-VR (D7296918-1DD6-4BDD-9DE2-64A83CC13884): 0
LogDevObjectVersion:   Dev-LoadTimes (C2A15278-BFE7-4AFE-6C17-90FF531DF755): 1
LogDevObjectVersion:   Private-Geometry (6EACA3D4-40EC-4CC1-B786-8BED09428FC5): 1
LogDevObjectVersion:   Dev-AnimPhys (29E575DD-E0A3-4627-9D10-D276232CDCEA): 3
LogInit: Compiled (64-bit): Jul 28 2017 11:49:47
LogInit: Compiled with Visual C++: 19.00.24215.01
LogInit: Build Configuration: Development
LogInit: Branch Name: ++UE4+Release-4.16
LogInit: Command line: -EpicPortal 
LogInit: Base directory: D:/Unreal/UE_4.16/Engine/Binaries/Win64/
LogInit: Installed Engine Build: 1
LogInit: Presizing for max 8388607 objects, including 0 objects not considered by GC, pre-allocating 0 bytes for permanent pool.
LogInit: Object subsystem initialized
[2017.09.08-04.35.57:845][  0]LogInit: Selected Device Profile: [Windows]
[2017.09.08-04.35.57:845][  0]LogInit: Applying CVar settings loaded from the selected device profile: [Windows]
[2017.09.08-04.35.57:853][  0]LogInit: Computer: DESKTOP-0S92KV8
[2017.09.08-04.35.57:853][  0]LogInit: User: davis
[2017.09.08-04.35.57:853][  0]LogInit: CPU Page size=4096, Cores=8
[2017.09.08-04.35.57:853][  0]LogInit: High frequency timer resolution =3.784490 MHz
[2017.09.08-04.35.57:853][  0]LogMemory: Memory total: Physical=15.9GB (16GB approx)
[2017.09.08-04.35.57:853][  0]LogMemory: Platform Memory Stats for Windows
[2017.09.08-04.35.57:853][  0]LogMemory: Process Physical Memory: 279.75 MB used, 279.75 MB peak
[2017.09.08-04.35.57:853][  0]LogMemory: Process Virtual Memory: 270.58 MB used, 270.58 MB peak
[2017.09.08-04.35.57:853][  0]LogMemory: Physical Memory: 5827.80 MB used,  10488.94 MB free, 16316.75 MB total
[2017.09.08-04.35.57:853][  0]LogMemory: Virtual Memory: 691.41 MB used,  10488.94 MB free, 134217728.00 MB total
[2017.09.08-04.35.57:903][  0]LogInit: Using OS detected language (en-US).
[2017.09.08-04.35.57:903][  0]LogInit: Using OS detected locale (en-US).
[2017.09.08-04.35.57:905][  0]LogTextLocalizationManager: No specific localization for 'en-US' exists, so the 'en' localization will be used.
[2017.09.08-04.35.58:737][  0]LogD3D11RHI: D3D11 adapters:
[2017.09.08-04.35.59:195][  0]LogD3D11RHI:    0. 'NVIDIA GeForce GTX 1080' (Feature Level 11_0)
[2017.09.08-04.35.59:195][  0]LogD3D11RHI:       8071/0/8158 MB DedicatedVideo/DedicatedSystem/SharedSystem, Outputs:2, VendorId:0x10de
[2017.09.08-04.35.59:197][  0]LogD3D11RHI:    1. 'Microsoft Basic Render Driver' (Feature Level 11_0)
[2017.09.08-04.35.59:197][  0]LogD3D11RHI:       0/0/8158 MB DedicatedVideo/DedicatedSystem/SharedSystem, Outputs:0, VendorId:0x1414
[2017.09.08-04.35.59:197][  0]LogD3D11RHI: Chosen D3D11 Adapter: 0
[2017.09.08-04.35.59:203][  0]LogD3D11RHI: Creating new Direct3DDevice
[2017.09.08-04.35.59:203][  0]LogD3D11RHI:     GPU DeviceId: 0x1b80 (for the marketing name, search the web for "GPU Device Id")
[2017.09.08-04.35.59:203][  0]LogWindows: EnumDisplayDevices:
[2017.09.08-04.35.59:203][  0]LogWindows:    0. 'NVIDIA GeForce GTX 1080' (P:1 D:1)
[2017.09.08-04.35.59:203][  0]LogWindows:    1. 'NVIDIA GeForce GTX 1080' (P:0 D:1)
[2017.09.08-04.35.59:203][  0]LogWindows:    2. 'NVIDIA GeForce GTX 1080' (P:0 D:0)
[2017.09.08-04.35.59:203][  0]LogWindows:    3. 'NVIDIA GeForce GTX 1080' (P:0 D:0)
[2017.09.08-04.35.59:203][  0]LogWindows: DebugString: FoundDriverCount:4 
[2017.09.08-04.35.59:203][  0]LogD3D11RHI:     Adapter Name: NVIDIA GeForce GTX 1080
[2017.09.08-04.35.59:203][  0]LogD3D11RHI:   Driver Version: 385.41 (internal:22.21.13.8541, unified:385.41)
[2017.09.08-04.35.59:203][  0]LogD3D11RHI:      Driver Date: 8-21-2017
[2017.09.08-04.35.59:203][  0]LogRHI: Texture pool is 1361 MB (70% of 1945 MB)
[2017.09.08-04.35.59:634][  0]LogD3D11RHI: Async texture creation enabled
[2017.09.08-04.35.59:770][  0]LogD3D11RHI: GPU Timing Frequency: 1000.000000 (Debug: 2 1)
[2017.09.08-04.35.59:819][  0]LogShaderCompilers: Guid format shader working directory is 4 characters bigger than the processId version (../../../../../UnrealProjects/PinballGame/Intermediate/Shaders/WorkingDirectory/13948/).
[2017.09.08-04.35.59:819][  0]LogShaderCompilers: Cleaned the shader compiler working directory 'C:/Users/davis/AppData/Local/Temp/UnrealShaderWorkingDir/1A827B544FFEC7C75245F8BB34435E73/'.
[2017.09.08-04.35.59:819][  0]LogShaderCompilers:Display: Using Local Shader Compiler.
[2017.09.08-04.36.00:676][  0]LogTemp:Display: Loaded TP AllDesktopTargetPlatform
[2017.09.08-04.36.00:715][  0]LogTemp:Display: Loaded TP MacClientTargetPlatform
[2017.09.08-04.36.00:754][  0]LogTemp:Display: Loaded TP MacNoEditorTargetPlatform
[2017.09.08-04.36.00:794][  0]LogTemp:Display: Loaded TP MacServerTargetPlatform
[2017.09.08-04.36.00:834][  0]LogTemp:Display: Loaded TP MacTargetPlatform
[2017.09.08-04.36.00:874][  0]LogTemp:Display: Loaded TP WindowsClientTargetPlatform
[2017.09.08-04.36.00:914][  0]LogTemp:Display: Loaded TP WindowsNoEditorTargetPlatform
[2017.09.08-04.36.00:954][  0]LogTemp:Display: Loaded TP WindowsServerTargetPlatform
[2017.09.08-04.36.00:987][  0]LogTemp:Display: Loaded TP WindowsTargetPlatform
[2017.09.08-04.36.01:026][  0]LogTemp:Display: Loaded TP AndroidTargetPlatform
[2017.09.08-04.36.01:065][  0]LogTemp:Display: Loaded TP Android_ASTCTargetPlatform
[2017.09.08-04.36.01:103][  0]LogTemp:Display: Loaded TP Android_ATCTargetPlatform
[2017.09.08-04.36.01:141][  0]LogTemp:Display: Loaded TP Android_DXTTargetPlatform
[2017.09.08-04.36.01:179][  0]LogTemp:Display: Loaded TP Android_ETC1TargetPlatform
[2017.09.08-04.36.01:217][  0]LogTemp:Display: Loaded TP Android_ETC2TargetPlatform
[2017.09.08-04.36.01:292][  0]LogTemp:Display: Loaded TP Android_MultiTargetPlatform
[2017.09.08-04.36.01:292][  0]LogTemp:Display: Loaded TP Android_PVRTCTargetPlatform
[2017.09.08-04.36.01:320][  0]LogTemp:Display: Loaded TP HTML5TargetPlatform
[2017.09.08-04.36.01:395][  0]LogTemp:Display: Loaded TP IOSTargetPlatform
[2017.09.08-04.36.01:419][  0]LogTemp:Display: Loaded TP TVOSTargetPlatform
[2017.09.08-04.36.01:457][  0]LogTemp:Display: Loaded TP LinuxClientTargetPlatform
[2017.09.08-04.36.01:495][  0]LogTemp:Display: Loaded TP LinuxNoEditorTargetPlatform
[2017.09.08-04.36.01:533][  0]LogTemp:Display: Loaded TP LinuxServerTargetPlatform
[2017.09.08-04.36.01:571][  0]LogTemp:Display: Loaded TP LinuxTargetPlatform
[2017.09.08-04.36.01:571][  0]LogTargetPlatformManager:Display: Building Assets For Windows
[2017.09.08-04.36.01:931][  0]LogDerivedDataCache:Display: Max Cache Size: 512 MB
[2017.09.08-04.36.02:018][  0]LogDerivedDataCache: Loaded boot cache 0.09s 90MB C:/Users/davis/AppData/Local/UnrealEngine/4.16/DerivedDataCache/Boot.ddc.
[2017.09.08-04.36.02:019][  0]LogDerivedDataCache:Display: Loaded Boot cache: C:/Users/davis/AppData/Local/UnrealEngine/4.16/DerivedDataCache/Boot.ddc
[2017.09.08-04.36.02:019][  0]LogDerivedDataCache: FDerivedDataBackendGraph:  Pak pak cache file ../../../../../UnrealProjects/PinballGame/DerivedDataCache/DDC.ddp not found, will not use a pak cache.
[2017.09.08-04.36.02:019][  0]LogDerivedDataCache: Unable to find inner node Pak for hierarchical cache Hierarchy.
[2017.09.08-04.36.02:019][  0]LogDerivedDataCache: FDerivedDataBackendGraph:  CompressedPak pak cache file ../../../../../UnrealProjects/PinballGame/DerivedDataCache/Compressed.ddp not found, will not use a pak cache.
[2017.09.08-04.36.02:019][  0]LogDerivedDataCache: Unable to find inner node CompressedPak for hierarchical cache Hierarchy.
[2017.09.08-04.36.02:035][  0]LogDerivedDataCache:Display: Pak cache opened for reading ../../../Engine/DerivedDataCache/Compressed.ddp.
[2017.09.08-04.36.02:047][  0]LogDerivedDataCache: Using Local data cache path C:/Users/davis/AppData/Local/UnrealEngine/Common/DerivedDataCache: Writable
[2017.09.08-04.36.02:056][  0]LogMaterial: Verifying Global Shaders for PCD3D_SM5
[2017.09.08-04.36.02:056][  0]LogSlate: Using Freetype 2.6.0
[2017.09.08-04.36.02:057][  0]LogSlate: SlateFontCache - WITH_FREETYPE: 1, WITH_HARFBUZZ: 1
[2017.09.08-04.36.02:057][  0]LogSlate: SlateFontCache - WITH_FREETYPE: 1, WITH_HARFBUZZ: 1
[2017.09.08-04.36.02:353][  0]LogInit: Selected Device Profile: [Windows]
[2017.09.08-04.36.02:415][  0]LogContentStreaming: Texture pool size is 0.00 MB
[2017.09.08-04.36.02:535][  0]LogMeshUtilities: Using QuadricMeshReduction for automatic static mesh reduction
[2017.09.08-04.36.02:566][  0]LogSimplygon: Simplygon DLL not present - disabling.
[2017.09.08-04.36.02:601][  0]LogMeshUtilities: Using SimplygonSwarm for distributed automatic mesh merging
[2017.09.08-04.36.02:601][  0]LogMeshUtilities: No automatic skeletal mesh reduction module available
[2017.09.08-04.36.02:601][  0]LogMeshUtilities: No automatic mesh merging module available
[2017.09.08-04.36.03:031][  0]LogNetVersion: PinballGame , NetCL: 3452394, EngineNetVer: 2, GameNetVer: 0 (Checksum: 3673353605)
[2017.09.08-04.36.03:083][  0]LogAssetRegistry: FAssetRegistry took 0.0256 seconds to start up
[2017.09.08-04.36.03:126][  0]LogPackageLocalizationCache: Processed 4 localized package path(s) for 2 prioritized culture(s) in 0.026558 seconds
[2017.09.08-04.36.03:131][  0]LogUObjectArray: 34194 objects as part of root set at end of initial load.
[2017.09.08-04.36.03:131][  0]LogUObjectAllocator: 7260416 out of 0 bytes used by permanent object pool.
[2017.09.08-04.36.03:131][  0]LogUObjectArray: CloseDisregardForGC: 0/0 objects in disregard for GC pool
[2017.09.08-04.36.03:176][  0]LogInit: WinSock: version 1.1 (2.2), MaxSocks=32767, MaxUdp=65467
[2017.09.08-04.36.04:985][  0]LogTcpMessaging: Initializing TcpMessaging bridge
[2017.09.08-04.36.05:017][  0]LogUdpMessaging: Initializing bridge on interface 0.0.0.0:0 to multicast group 230.0.0.1:6666.
[2017.09.08-04.36.05:409][  0]LogMaterial: Uniform references updated for custom material expression Custom.
[2017.09.08-04.36.05:696][  0]SourceControl: Info Source control is disabled
[2017.09.08-04.36.05:749][  0]SourceControl: Info Source control is disabled
[2017.09.08-04.36.05:784][  0]SourceControl: Info Source control is disabled
[2017.09.08-04.36.05:818][  0]SourceControl: Info Source control is disabled
[2017.09.08-04.36.06:308][  0]LogAndroidPermission: UAndroidPermissionCallbackProxy::GetInstance
[2017.09.08-04.36.06:744][  0]LogEngine: Initializing Engine...
[2017.09.08-04.36.06:772][  0]LogHMD: Failed to initialize OpenVR with code 108
[2017.09.08-04.36.06:773][  0]LogHMD: Oculus plugin initialized. Version: 4.16.3-3561208+++UE4+Release-4.16, LibOVR: 1.17.0, SDK: 1.12.0, built Jul 28 2017, 11:57:22
[2017.09.08-04.36.06:954][  0]LogStats: UGameplayTagsManager::ConstructGameplayTagTree: Construct from data asset -  0.000 s
[2017.09.08-04.36.06:954][  0]LogStats: UGameplayTagsManager::ConstructGameplayTagTree: GameplayTagTreeChangedEvent.Broadcast -  0.000 s
[2017.09.08-04.36.07:046][  0]LogAIModule: Creating AISystem for world Untitled
[2017.09.08-04.36.07:062][  0]LogInit: XAudio2 using 'Realtek Digital Output (Realtek High Definition Audio)' : 2 channels at 48 kHz using 16 bits per sample (channel mask 0x3)
[2017.09.08-04.36.07:076][  0]LogInit: FAudioDevice initialized.
[2017.09.08-04.36.07:130][  0]LogDerivedDataCache: Saved boot cache 0.05s 90MB C:/Users/davis/AppData/Local/UnrealEngine/4.16/DerivedDataCache/Boot.ddc.
[2017.09.08-04.36.07:140][  0]LogInit: Texture streaming: Enabled
[2017.09.08-04.36.07:211][  0]LogEngineSessionManager: EngineSessionManager initialized
[2017.09.08-04.36.07:369][  0]LogInit: Transaction tracking system initialized
[2017.09.08-04.36.07:588][  0]BlueprintLog: New page: Editor Load
[2017.09.08-04.36.08:275][  0]LocalizationService: Info Localization service is disabled
[2017.09.08-04.36.08:788][  0]LogConsoleResponse:Display: 
[2017.09.08-04.36.08:915][  0]LogCook:Display: Max memory allowance for cook 16384mb min free memory 0mb
[2017.09.08-04.36.08:915][  0]LogCook:Display: Mobile HDR setting 1
[2017.09.08-04.36.09:675][  0]LogFileCache: Scanning file cache for directory 'D:/UnrealProjects/PinballGame/Content/' took 0.01s
[2017.09.08-04.36.09:675][  0]SourceControl: Info Source control is disabled
[2017.09.08-04.36.09:675][  0]Cmd: MAP LOAD FILE="../../../Engine/Content/Maps/Templates/Template_Default.umap" TEMPLATE=1 SHOWPROGRESS=1 FEATURELEVEL=3
[2017.09.08-04.36.09:675][  0]LightingResults: New page: Lighting Build
[2017.09.08-04.36.09:720][  0]MapCheck: New page: Map Check
[2017.09.08-04.36.09:720][  0]LightingResults: New page: Lighting Build
[2017.09.08-04.36.09:926][  0]LogAIModule: Creating AISystem for world Untitled_1
[2017.09.08-04.36.09:927][  0]LogActorComponent: RegisterComponentWithWorld: (/Temp/Untitled_1.Untitled_1:PersistentLevel.WorldSettings_1.StaticMeshComponent0) Trying to register component with IsPendingKill() == true. Aborting.
[2017.09.08-04.36.09:931][  0]LogEditorServer: Finished looking for orphan Actors (0.000 secs)
[2017.09.08-04.36.09:946][  0]Cmd: MAP CHECKDEP NOCLEARLOG
[2017.09.08-04.36.09:982][  0]MapCheck: Info Map check complete: 0 Error(s), 0 Warning(s), took 36.043ms to complete.
[2017.09.08-04.36.09:982][  0]LogFileHelpers: Loading map 'Template_Default' took 0.307
[2017.09.08-04.36.10:148][  0]LogCollectionManager: Loaded 0 collections in 0.001505 seconds
[2017.09.08-04.36.10:223][  0]LogFileCache: Scanning file cache for directory 'D:/UnrealProjects/PinballGame/Saved/Collections/' took 0.01s
[2017.09.08-04.36.10:223][  0]LogFileCache: Scanning file cache for directory 'D:/UnrealProjects/PinballGame/Content/Developers/davis/Collections/' took 0.01s
[2017.09.08-04.36.10:223][  0]LogFileCache: Scanning file cache for directory 'D:/UnrealProjects/PinballGame/Content/Collections/' took 0.01s
[2017.09.08-04.36.10:223][  0]LogCollectionManager: Rebuilt the GUID cache for 0 collections in 0.000002 seconds
[2017.09.08-04.36.10:233][  0]LogContentBrowser: Native class hierarchy populated in 0.0103 seconds. Added 2329 classes and 491 folders.
[2017.09.08-04.36.10:284][  0]LogContentBrowser: Native class hierarchy updated for 'WidgetCarousel' in 0.0006 seconds. Added 0 classes and 0 folders.
[2017.09.08-04.36.10:319][  0]LogContentBrowser: Native class hierarchy updated for 'AddContentDialog' in 0.0006 seconds. Added 0 classes and 0 folders.
[2017.09.08-04.36.10:351][  0]LogContentBrowser: Native class hierarchy updated for 'SceneOutliner' in 0.0006 seconds. Added 1 classes and 2 folders.
[2017.09.08-04.36.10:383][  0]LogCrashTracker: Crashtracker disabled due to settings.
[2017.09.08-04.36.10:387][  0]LogSlate: Took 0.000186 seconds to synchronously load lazily loaded font '../../../Engine/Content/Slate/Fonts/Roboto-Regular.ttf' (155K)
[2017.09.08-04.36.10:389][  0]LogSlate: Took 0.000191 seconds to synchronously load lazily loaded font '../../../Engine/Content/Slate/Fonts/Roboto-Bold.ttf' (160K)
[2017.09.08-04.36.10:394][  0]LogSlate: Took 0.000191 seconds to synchronously load lazily loaded font '../../../Engine/Content/Editor/Slate/Fonts/FontAwesome.ttf' (139K)
[2017.09.08-04.36.10:474][  0]LogRenderer: Reallocating scene render targets to support 1208x620 NumSamples 1 (Frame:1).
[2017.09.08-04.36.10:571][  0]LogUObjectGlobals:Warning: Failed to find object 'Class None.'
[2017.09.08-04.36.10:624][  0]LogContentBrowser: Native class hierarchy updated for 'HierarchicalLODOutliner' in 0.0006 seconds. Added 1 classes and 2 folders.
[2017.09.08-04.36.10:624][  0]LogLoad: (Engine Initialization) Total time: 14.79 seconds
[2017.09.08-04.36.10:624][  0]LogLoad: (Engine Initialization) Total Blueprint compile time: 0.08 seconds
[2017.09.08-04.36.10:624][  0]LogExternalProfiler: No external profilers were discovered.  External profiling features will not be available.
[2017.09.08-04.36.10:634][  0]LogWindowsTextInputMethodSystem:Display: IME system now deactivated.
[2017.09.08-04.36.10:634][  0]LogOcInput: OculusInput pre-init called
[2017.09.08-04.36.10:639][  0]LogOcInput: OculusInput is initialized. Init status 0. Runtime version: 1.17.0
[2017.09.08-04.36.10:639][  0]LogHMD: Starting GearVRController plugin
[2017.09.08-04.36.10:653][  0]LogAssetRegistry: Asset discovery search completed in 7.5911 seconds
[2017.09.08-04.36.10:654][  0]LogCollectionManager: Rebuilt the object cache for 0 collections in 0.000000 seconds (found 0 objects)
[2017.09.08-04.36.10:654][  0]LogCollectionManager: Fixed up redirectors for 0 collections in 0.000019 seconds (updated 0 objects)
[2017.09.08-04.36.10:657][  0]LogContentStreaming: Texture pool size now 1000 MB
[2017.09.08-04.36.10:697][  0]LogSlate: Took 0.000114 seconds to synchronously load lazily loaded font '../../../Engine/Content/Slate/Fonts/Roboto-Light.ttf' (159K)
[2017.09.08-04.36.11:655][107]LogSlate: Took 0.000156 seconds to synchronously load lazily loaded font '../../../Engine/Content/Slate/Fonts/Roboto-Light.ttf' (159K)
[2017.09.08-04.36.15:833][585]LogSlate: Took 0.000145 seconds to synchronously load lazily loaded font '../../../Engine/Content/Slate/Fonts/Roboto-Light.ttf' (159K)
[2017.09.08-04.36.16:157][585]LogContentBrowser: Native class hierarchy updated for 'BlueprintGraph' in 0.0010 seconds. Added 112 classes and 0 folders.
[2017.09.08-04.36.17:039][585]LogSlate: Took 0.000199 seconds to synchronously load lazily loaded font '../../../Engine/Content/Editor/Slate/Fonts/Roboto-BoldCondensed.ttf' (158K)
[2017.09.08-04.46.11:079][357]LogFileHelpers: Editor autosave (incl. sublevels) for '/Temp/Untitled_1' took 0.021
[2017.09.08-04.46.11:080][357]OBJ SavePackage: Generating thumbnails for [0] asset(s) in package [/Game/BluePrints/HighScoreSave] ([1] browsable assets)...
[2017.09.08-04.46.11:080][357]OBJ SavePackage: Finished generating thumbnails for package [/Game/BluePrints/HighScoreSave]
[2017.09.08-04.46.11:080][357]Cmd: OBJ SAVEPACKAGE PACKAGE="/Game/BluePrints/HighScoreSave" FILE="../../../../../UnrealProjects/PinballGame/Saved/Autosaves/Game/BluePrints/HighScoreSave_Auto1.uasset" SILENT=false AUTOSAVING=true
[2017.09.08-04.46.11:088][357]LogSavePackage: Save=3.42ms
[2017.09.08-04.46.11:088][357]LogSavePackage: Moving '../../../../../UnrealProjects/PinballGame/Saved/HighScoreSave_Auto14E79E78C416AAFA5E71F419BB9911A26.tmp' to '../../../../../UnrealProjects/PinballGame/Saved/Autosaves/Game/BluePrints/HighScoreSave_Auto1.uasset'
[2017.09.08-04.46.11:089][357]LogSavePackage:Display: Finished SavePackage ../../../../../UnrealProjects/PinballGame/Saved/Autosaves/Game/BluePrints/HighScoreSave_Auto1.uasset
[2017.09.08-04.46.11:089][357]LogFileHelpers: Auto-saving content packages took 0.010
[2017.09.08-04.54.20:332][623]LogSlate: Took 0.000210 seconds to synchronously load lazily loaded font '../../../Engine/Content/Editor/Slate/Fonts/Roboto-Italic.ttf' (157K)
[2017.09.08-04.54.30:493][533]Cmd: OBJ SAVEPACKAGE PACKAGE="/Game/BluePrints/HighScoreSave" FILE="../../../../../UnrealProjects/PinballGame/Content/BluePrints/HighScoreSave.uasset" SILENT=true
[2017.09.08-04.54.30:501][533]LogSavePackage: Save=3.38ms
[2017.09.08-04.54.30:501][533]LogSavePackage: Moving '../../../../../UnrealProjects/PinballGame/Saved/HighScoreSave573C3D054202545B078BF49FCBD1E1DD.tmp' to '../../../../../UnrealProjects/PinballGame/Content/BluePrints/HighScoreSave.uasset'
[2017.09.08-04.54.30:502][533]LogSavePackage:Display: Finished SavePackage ../../../../../UnrealProjects/PinballGame/Content/BluePrints/HighScoreSave.uasset
[2017.09.08-04.54.30:505][533]Cmd: MAP LOAD FILE="../../../../../UnrealProjects/PinballGame/Content/PinBallMap.umap" TEMPLATE=0 SHOWPROGRESS=1 FEATURELEVEL=3
[2017.09.08-04.54.30:522][533]LightingResults: New page: Lighting Build
[2017.09.08-04.54.30:522][533]LoadErrors: New page: Loading map: PinBallMap.umap
[2017.09.08-04.54.30:524][533]MapCheck: New page: Map Check
[2017.09.08-04.54.30:524][533]LightingResults: New page: Lighting Build
[2017.09.08-04.54.30:616][533]LogAIModule: Creating AISystem for world PinBallMap
[2017.09.08-04.54.30:638][533]LogEditorServer: Finished looking for orphan Actors (0.000 secs)
[2017.09.08-04.54.30:676][533]Cmd: MAP CHECKDEP NOCLEARLOG
[2017.09.08-04.54.30:717][533]MapCheck: Info Map check complete: 0 Error(s), 0 Warning(s), took 39.893ms to complete.
[2017.09.08-04.54.30:717][533]LogFileHelpers: Loading map 'PinBallMap' took 0.212
[2017.09.08-04.54.52:437][542]LogSlate: Took 0.000208 seconds to synchronously load lazily loaded font '../../../Engine/Content/Editor/Slate/Fonts/Roboto-BoldCondensedItalic.ttf' (160K)
[2017.09.08-04.55.03:047][812]Cmd: OBJ SAVEPACKAGE PACKAGE="/Game/BluePrints/HighScoreStruct" FILE="../../../../../UnrealProjects/PinballGame/Content/BluePrints/HighScoreStruct.uasset" SILENT=true
[2017.09.08-04.55.03:054][812]LogSavePackage: Save=1.95ms
[2017.09.08-04.55.03:054][812]LogSavePackage: Moving '../../../../../UnrealProjects/PinballGame/Saved/HighScoreStructB71A90F342169374E9228BA93D201D2E.tmp' to '../../../../../UnrealProjects/PinballGame/Content/BluePrints/HighScoreStruct.uasset'
[2017.09.08-04.55.03:055][812]LogSavePackage:Display: Finished SavePackage ../../../../../UnrealProjects/PinballGame/Content/BluePrints/HighScoreStruct.uasset
[2017.09.08-04.55.36:028][364]BlueprintLog: New page: Compile HighScoreSave
[2017.09.08-04.55.36:534][412]Cmd: OBJ SAVEPACKAGE PACKAGE="/Game/BluePrints/HighScoreSave" FILE="../../../../../UnrealProjects/PinballGame/Content/BluePrints/HighScoreSave.uasset" SILENT=true
[2017.09.08-04.55.36:540][412]LogSavePackage: Save=2.66ms
[2017.09.08-04.55.36:540][412]LogSavePackage: Moving '../../../../../UnrealProjects/PinballGame/Saved/HighScoreSave804EF4F2439550D8B7A4A2994A17337B.tmp' to '../../../../../UnrealProjects/PinballGame/Content/BluePrints/HighScoreSave.uasset'
[2017.09.08-04.55.36:542][412]LogSavePackage:Display: Finished SavePackage ../../../../../UnrealProjects/PinballGame/Content/BluePrints/HighScoreSave.uasset
[2017.09.08-04.55.59:932][ 61]BlueprintLog: New page: Compile HighScoreSave
[2017.09.08-04.56.00:338][ 97]Cmd: OBJ SAVEPACKAGE PACKAGE="/Game/BluePrints/HighScoreSave" FILE="../../../../../UnrealProjects/PinballGame/Content/BluePrints/HighScoreSave.uasset" SILENT=true
[2017.09.08-04.56.00:346][ 97]LogSavePackage: Save=3.71ms
[2017.09.08-04.56.00:346][ 97]LogSavePackage: Moving '../../../../../UnrealProjects/PinballGame/Saved/HighScoreSave2ADF2EFA4623BFD20A7876B338BC73C4.tmp' to '../../../../../UnrealProjects/PinballGame/Content/BluePrints/HighScoreSave.uasset'
[2017.09.08-04.56.00:347][ 97]LogSavePackage:Display: Finished SavePackage ../../../../../UnrealProjects/PinballGame/Content/BluePrints/HighScoreSave.uasset
[2017.09.08-04.56.37:224][183]BlueprintLog: New page: Compile HighScoreSave
[2017.09.08-04.56.37:731][231]Cmd: OBJ SAVEPACKAGE PACKAGE="/Game/BluePrints/HighScoreSave" FILE="../../../../../UnrealProjects/PinballGame/Content/BluePrints/HighScoreSave.uasset" SILENT=true
[2017.09.08-04.56.37:742][231]LogSavePackage: Save=7.46ms
[2017.09.08-04.56.37:742][231]LogSavePackage: Moving '../../../../../UnrealProjects/PinballGame/Saved/HighScoreSave06238369463BEFADCEC1FE9CCEEBA6AE.tmp' to '../../../../../UnrealProjects/PinballGame/Content/BluePrints/HighScoreSave.uasset'
[2017.09.08-04.56.37:744][231]LogSavePackage:Display: Finished SavePackage ../../../../../UnrealProjects/PinballGame/Content/BluePrints/HighScoreSave.uasset
[2017.09.08-04.57.12:919][447]BlueprintLog: New page: Compile HighScoreSave
[2017.09.08-04.57.13:681][525]Cmd: OBJ SAVEPACKAGE PACKAGE="/Game/BluePrints/HighScoreSave" FILE="../../../../../UnrealProjects/PinballGame/Content/BluePrints/HighScoreSave.uasset" SILENT=true
[2017.09.08-04.57.13:692][525]LogSavePackage: Save=7.96ms
[2017.09.08-04.57.13:692][525]LogSavePackage: Moving '../../../../../UnrealProjects/PinballGame/Saved/HighScoreSave3CC8185A4857CE35600737994A16AA0D.tmp' to '../../../../../UnrealProjects/PinballGame/Content/BluePrints/HighScoreSave.uasset'
[2017.09.08-04.57.13:694][525]LogSavePackage:Display: Finished SavePackage ../../../../../UnrealProjects/PinballGame/Content/BluePrints/HighScoreSave.uasset
[2017.09.08-04.57.20:747][364]BlueprintLog: New page: Compile HighScoreSave
[2017.09.08-04.57.21:465][437]Cmd: OBJ SAVEPACKAGE PACKAGE="/Game/BluePrints/HighScoreSave" FILE="../../../../../UnrealProjects/PinballGame/Content/BluePrints/HighScoreSave.uasset" SILENT=true
[2017.09.08-04.57.21:477][437]LogSavePackage: Save=7.93ms
[2017.09.08-04.57.21:477][437]LogSavePackage: Moving '../../../../../UnrealProjects/PinballGame/Saved/HighScoreSave4A6A528C4726C1EDF8421E8891ED33E4.tmp' to '../../../../../UnrealProjects/PinballGame/Content/BluePrints/HighScoreSave.uasset'
[2017.09.08-04.57.21:479][437]LogSavePackage:Display: Finished SavePackage ../../../../../UnrealProjects/PinballGame/Content/BluePrints/HighScoreSave.uasset
[2017.09.08-04.58.13:742][475]LogSlate:Warning: Menu could not be pushed.  A path to the parent widget(SGraphPanel [SGraphEditorImpl.cpp(291)]) could not be found
[2017.09.08-04.58.55:030][156]LogClass:Warning: Type mismatch in SaveStruct of SKEL_HighScoreSave_C - Previous (StructProperty) Current(ArrayProperty) for package:  FObjectReader
[2017.09.08-04.58.58:165][531]BlueprintLog: New page: Compile HighScoreSave
[2017.09.08-04.58.59:205][642]Cmd: OBJ SAVEPACKAGE PACKAGE="/Game/BluePrints/HighScoreSave" FILE="../../../../../UnrealProjects/PinballGame/Content/BluePrints/HighScoreSave.uasset" SILENT=true
[2017.09.08-04.58.59:219][642]LogSavePackage: Save=10.22ms
[2017.09.08-04.58.59:219][642]LogSavePackage: Moving '../../../../../UnrealProjects/PinballGame/Saved/HighScoreSave07A68E164F8B84C6D492828410BECAE6.tmp' to '../../../../../UnrealProjects/PinballGame/Content/BluePrints/HighScoreSave.uasset'
[2017.09.08-04.58.59:220][642]LogSavePackage:Display: Finished SavePackage ../../../../../UnrealProjects/PinballGame/Content/BluePrints/HighScoreSave.uasset
[2017.09.08-04.59.48:692][572]BlueprintLog: New page: Compile HighScoreSave
[2017.09.08-04.59.49:248][625]Cmd: OBJ SAVEPACKAGE PACKAGE="/Game/BluePrints/HighScoreSave" FILE="../../../../../UnrealProjects/PinballGame/Content/BluePrints/HighScoreSave.uasset" SILENT=true
[2017.09.08-04.59.49:263][625]LogSavePackage: Save=11.23ms
[2017.09.08-04.59.49:263][625]LogSavePackage: Moving '../../../../../UnrealProjects/PinballGame/Saved/HighScoreSaveBFB09C6B4974AA51A5353AB457B43FF1.tmp' to '../../../../../UnrealProjects/PinballGame/Content/BluePrints/HighScoreSave.uasset'
[2017.09.08-04.59.49:265][625]LogSavePackage:Display: Finished SavePackage ../../../../../UnrealProjects/PinballGame/Content/BluePrints/HighScoreSave.uasset
