Log file open, 09/04/17 18:32:37
LogInit:Display: Running engine for game: PinballGame
LogPlatformFile: Not using cached read wrapper
LogInit:Display: RandInit(450163341) SRandInit(450163341).
LogTaskGraph: Started task graph with 5 named threads and 12 total threads with 1 sets of task threads.
LogStats: Stats thread started at 0.151863
LogInit: Using libcurl 7.47.1
LogInit:  - built for x86_64-pc-win32
LogInit:  - supports SSL with OpenSSL/1.0.2g
LogInit:  - supports HTTP deflate (compression) using libz 1.2.8
LogInit:  - other features:
LogInit:      CURL_VERSION_SSL
LogInit:      CURL_VERSION_LIBZ
LogInit:      CURL_VERSION_IPV6
LogInit:      CURL_VERSION_ASYNCHDNS
LogInit:      CURL_VERSION_LARGEFILE
LogInit:      CURL_VERSION_IDN
LogInit:  CurlRequestOptions (configurable via config and command line):
LogInit:  - bVerifyPeer = false  - Libcurl will NOT verify peer certificate
LogInit:  - bUseHttpProxy = false  - Libcurl will NOT use HTTP proxy
LogInit:  - bDontReuseConnections = false  - Libcurl will reuse connections
LogInit:  - CertBundlePath = nullptr  - Libcurl will use whatever was configured at build time.
OCULUS: Info: [CAPI] LibOVR module is located at C:\Program Files\Oculus\Support\oculus-runtime\LibOVRRT64_1.dll
OCULUS: Debug: Connected to the server running version (prod = 1).1.17.0(build = 424315) feature version = 0. Client runs version (prod = 1).1.17.0(build = 424315) feature version = 0
LogHMD: GearVR: Emulating GearVR using Oculus Rift!
LogInit: Build: ++UE4+Release-4.16-CL-3561208
LogInit: Engine Version: 4.16.3-3561208+++UE4+Release-4.16
LogInit: Compatible Engine Version: 4.16.0-3452394+++UE4+Release-4.16
LogInit: Net CL: 3452394
LogDevObjectVersion: Number of dev versions registered: 16
LogDevObjectVersion:   Dev-Blueprints (B0D832E4-1F89-4F0D-ACCF-7EB736FD4AA2): 9
LogDevObjectVersion:   Dev-Build (E1C64328-A22C-4D53-A36C-8E866417BD8C): 0
LogDevObjectVersion:   Dev-Core (375EC13C-06E4-48FB-B500-84F0262A717E): 2
LogDevObjectVersion:   Dev-Editor (E4B068ED-F494-42E9-A231-DA0B2E46BB41): 17
LogDevObjectVersion:   Dev-Framework (CFFC743F-43B0-4480-9391-14DF171D2073): 23
LogDevObjectVersion:   Dev-Mobile (B02B49B5-BB20-44E9-A304-32B752E40360): 0
LogDevObjectVersion:   Dev-Networking (A4E4105C-59A1-49B5-A7C5-40C4547EDFEE): 0
LogDevObjectVersion:   Dev-Online (39C831C9-5AE6-47DC-9A44-9C173E1C8E7C): 0
LogDevObjectVersion:   Dev-Physics (78F01B33-EBEA-4F98-B9B4-84EACCB95AA2): 0
LogDevObjectVersion:   Dev-Platform (6631380F-2D4D-43E0-8009-CF276956A95A): 0
LogDevObjectVersion:   Dev-Rendering (12F88B9F-8875-4AFC-A67C-D90C383ABD29): 15
LogDevObjectVersion:   Dev-Sequencer (7B5AE74C-D270-4C10-A958-57980B212A5A): 4
LogDevObjectVersion:   Dev-VR (D7296918-1DD6-4BDD-9DE2-64A83CC13884): 0
LogDevObjectVersion:   Dev-LoadTimes (C2A15278-BFE7-4AFE-6C17-90FF531DF755): 1
LogDevObjectVersion:   Private-Geometry (6EACA3D4-40EC-4CC1-B786-8BED09428FC5): 1
LogDevObjectVersion:   Dev-AnimPhys (29E575DD-E0A3-4627-9D10-D276232CDCEA): 3
LogInit: Compiled (64-bit): Jul 28 2017 11:49:47
LogInit: Compiled with Visual C++: 19.00.24215.01
LogInit: Build Configuration: Development
LogInit: Branch Name: ++UE4+Release-4.16
LogInit: Command line: -EpicPortal 
LogInit: Base directory: D:/Unreal/UE_4.16/Engine/Binaries/Win64/
LogInit: Installed Engine Build: 1
LogInit: Presizing for max 8388607 objects, including 0 objects not considered by GC, pre-allocating 0 bytes for permanent pool.
LogInit: Object subsystem initialized
[2017.09.04-22.32.38:705][  0]LogInit: Selected Device Profile: [Windows]
[2017.09.04-22.32.38:705][  0]LogInit: Applying CVar settings loaded from the selected device profile: [Windows]
[2017.09.04-22.32.38:713][  0]LogInit: Computer: DESKTOP-0S92KV8
[2017.09.04-22.32.38:713][  0]LogInit: User: davis
[2017.09.04-22.32.38:713][  0]LogInit: CPU Page size=4096, Cores=8
[2017.09.04-22.32.38:713][  0]LogInit: High frequency timer resolution =3.784492 MHz
[2017.09.04-22.32.38:714][  0]LogMemory: Memory total: Physical=15.9GB (16GB approx)
[2017.09.04-22.32.38:714][  0]LogMemory: Platform Memory Stats for Windows
[2017.09.04-22.32.38:714][  0]LogMemory: Process Physical Memory: 280.27 MB used, 280.27 MB peak
[2017.09.04-22.32.38:714][  0]LogMemory: Process Virtual Memory: 272.72 MB used, 272.72 MB peak
[2017.09.04-22.32.38:714][  0]LogMemory: Physical Memory: 5855.14 MB used,  10461.60 MB free, 16316.75 MB total
[2017.09.04-22.32.38:714][  0]LogMemory: Virtual Memory: 693.48 MB used,  10461.60 MB free, 134217728.00 MB total
[2017.09.04-22.32.38:765][  0]LogInit: Using OS detected language (en-US).
[2017.09.04-22.32.38:765][  0]LogInit: Using OS detected locale (en-US).
[2017.09.04-22.32.38:768][  0]LogTextLocalizationManager: No specific localization for 'en-US' exists, so the 'en' localization will be used.
[2017.09.04-22.32.39:619][  0]LogD3D11RHI: D3D11 adapters:
[2017.09.04-22.32.40:072][  0]LogD3D11RHI:    0. 'NVIDIA GeForce GTX 1080' (Feature Level 11_0)
[2017.09.04-22.32.40:072][  0]LogD3D11RHI:       8071/0/8158 MB DedicatedVideo/DedicatedSystem/SharedSystem, Outputs:2, VendorId:0x10de
[2017.09.04-22.32.40:073][  0]LogD3D11RHI:    1. 'Microsoft Basic Render Driver' (Feature Level 11_0)
[2017.09.04-22.32.40:073][  0]LogD3D11RHI:       0/0/8158 MB DedicatedVideo/DedicatedSystem/SharedSystem, Outputs:0, VendorId:0x1414
[2017.09.04-22.32.40:073][  0]LogD3D11RHI: Chosen D3D11 Adapter: 0
[2017.09.04-22.32.40:080][  0]LogD3D11RHI: Creating new Direct3DDevice
[2017.09.04-22.32.40:081][  0]LogD3D11RHI:     GPU DeviceId: 0x1b80 (for the marketing name, search the web for "GPU Device Id")
[2017.09.04-22.32.40:081][  0]LogWindows: EnumDisplayDevices:
[2017.09.04-22.32.40:081][  0]LogWindows:    0. 'NVIDIA GeForce GTX 1080' (P:1 D:1)
[2017.09.04-22.32.40:081][  0]LogWindows:    1. 'NVIDIA GeForce GTX 1080' (P:0 D:1)
[2017.09.04-22.32.40:081][  0]LogWindows:    2. 'NVIDIA GeForce GTX 1080' (P:0 D:0)
[2017.09.04-22.32.40:081][  0]LogWindows:    3. 'NVIDIA GeForce GTX 1080' (P:0 D:0)
[2017.09.04-22.32.40:081][  0]LogWindows: DebugString: FoundDriverCount:4 
[2017.09.04-22.32.40:081][  0]LogD3D11RHI:     Adapter Name: NVIDIA GeForce GTX 1080
[2017.09.04-22.32.40:081][  0]LogD3D11RHI:   Driver Version: 385.41 (internal:22.21.13.8541, unified:385.41)
[2017.09.04-22.32.40:081][  0]LogD3D11RHI:      Driver Date: 8-21-2017
[2017.09.04-22.32.40:081][  0]LogRHI: Texture pool is 1361 MB (70% of 1945 MB)
[2017.09.04-22.32.40:513][  0]LogD3D11RHI: Async texture creation enabled
[2017.09.04-22.32.40:647][  0]LogD3D11RHI: GPU Timing Frequency: 1000.000000 (Debug: 2 1)
[2017.09.04-22.32.40:697][  0]LogShaderCompilers: Guid format shader working directory is 4 characters bigger than the processId version (../../../../../UnrealProjects/PinballGame/Intermediate/Shaders/WorkingDirectory/15976/).
[2017.09.04-22.32.40:697][  0]LogShaderCompilers: Cleaned the shader compiler working directory 'C:/Users/davis/AppData/Local/Temp/UnrealShaderWorkingDir/B8DA6A7E42F4C98533A2D5B6F87612F2/'.
[2017.09.04-22.32.40:697][  0]LogShaderCompilers:Display: Using Local Shader Compiler.
[2017.09.04-22.32.41:571][  0]LogTemp:Display: Loaded TP AllDesktopTargetPlatform
[2017.09.04-22.32.41:611][  0]LogTemp:Display: Loaded TP MacClientTargetPlatform
[2017.09.04-22.32.41:650][  0]LogTemp:Display: Loaded TP MacNoEditorTargetPlatform
[2017.09.04-22.32.41:689][  0]LogTemp:Display: Loaded TP MacServerTargetPlatform
[2017.09.04-22.32.41:728][  0]LogTemp:Display: Loaded TP MacTargetPlatform
[2017.09.04-22.32.41:768][  0]LogTemp:Display: Loaded TP WindowsClientTargetPlatform
[2017.09.04-22.32.41:807][  0]LogTemp:Display: Loaded TP WindowsNoEditorTargetPlatform
[2017.09.04-22.32.41:846][  0]LogTemp:Display: Loaded TP WindowsServerTargetPlatform
[2017.09.04-22.32.41:879][  0]LogTemp:Display: Loaded TP WindowsTargetPlatform
[2017.09.04-22.32.41:918][  0]LogTemp:Display: Loaded TP AndroidTargetPlatform
[2017.09.04-22.32.41:956][  0]LogTemp:Display: Loaded TP Android_ASTCTargetPlatform
[2017.09.04-22.32.41:994][  0]LogTemp:Display: Loaded TP Android_ATCTargetPlatform
[2017.09.04-22.32.42:032][  0]LogTemp:Display: Loaded TP Android_DXTTargetPlatform
[2017.09.04-22.32.42:070][  0]LogTemp:Display: Loaded TP Android_ETC1TargetPlatform
[2017.09.04-22.32.42:108][  0]LogTemp:Display: Loaded TP Android_ETC2TargetPlatform
[2017.09.04-22.32.42:184][  0]LogTemp:Display: Loaded TP Android_MultiTargetPlatform
[2017.09.04-22.32.42:184][  0]LogTemp:Display: Loaded TP Android_PVRTCTargetPlatform
[2017.09.04-22.32.42:212][  0]LogTemp:Display: Loaded TP HTML5TargetPlatform
[2017.09.04-22.32.42:287][  0]LogTemp:Display: Loaded TP IOSTargetPlatform
[2017.09.04-22.32.42:311][  0]LogTemp:Display: Loaded TP TVOSTargetPlatform
[2017.09.04-22.32.42:350][  0]LogTemp:Display: Loaded TP LinuxClientTargetPlatform
[2017.09.04-22.32.42:388][  0]LogTemp:Display: Loaded TP LinuxNoEditorTargetPlatform
[2017.09.04-22.32.42:426][  0]LogTemp:Display: Loaded TP LinuxServerTargetPlatform
[2017.09.04-22.32.42:465][  0]LogTemp:Display: Loaded TP LinuxTargetPlatform
[2017.09.04-22.32.42:465][  0]LogTargetPlatformManager:Display: Building Assets For Windows
[2017.09.04-22.32.42:831][  0]LogDerivedDataCache:Display: Max Cache Size: 512 MB
[2017.09.04-22.32.42:925][  0]LogDerivedDataCache: Loaded boot cache 0.09s 90MB C:/Users/davis/AppData/Local/UnrealEngine/4.16/DerivedDataCache/Boot.ddc.
[2017.09.04-22.32.42:925][  0]LogDerivedDataCache:Display: Loaded Boot cache: C:/Users/davis/AppData/Local/UnrealEngine/4.16/DerivedDataCache/Boot.ddc
[2017.09.04-22.32.42:925][  0]LogDerivedDataCache: FDerivedDataBackendGraph:  Pak pak cache file ../../../../../UnrealProjects/PinballGame/DerivedDataCache/DDC.ddp not found, will not use a pak cache.
[2017.09.04-22.32.42:925][  0]LogDerivedDataCache: Unable to find inner node Pak for hierarchical cache Hierarchy.
[2017.09.04-22.32.42:925][  0]LogDerivedDataCache: FDerivedDataBackendGraph:  CompressedPak pak cache file ../../../../../UnrealProjects/PinballGame/DerivedDataCache/Compressed.ddp not found, will not use a pak cache.
[2017.09.04-22.32.42:925][  0]LogDerivedDataCache: Unable to find inner node CompressedPak for hierarchical cache Hierarchy.
[2017.09.04-22.32.42:942][  0]LogDerivedDataCache:Display: Pak cache opened for reading ../../../Engine/DerivedDataCache/Compressed.ddp.
[2017.09.04-22.32.42:954][  0]LogDerivedDataCache: Using Local data cache path C:/Users/davis/AppData/Local/UnrealEngine/Common/DerivedDataCache: Writable
[2017.09.04-22.32.42:963][  0]LogMaterial: Verifying Global Shaders for PCD3D_SM5
[2017.09.04-22.32.42:964][  0]LogSlate: Using Freetype 2.6.0
[2017.09.04-22.32.42:964][  0]LogSlate: SlateFontCache - WITH_FREETYPE: 1, WITH_HARFBUZZ: 1
[2017.09.04-22.32.42:964][  0]LogSlate: SlateFontCache - WITH_FREETYPE: 1, WITH_HARFBUZZ: 1
[2017.09.04-22.32.43:265][  0]LogInit: Selected Device Profile: [Windows]
[2017.09.04-22.32.43:328][  0]LogContentStreaming: Texture pool size is 0.00 MB
[2017.09.04-22.32.43:450][  0]LogMeshUtilities: Using QuadricMeshReduction for automatic static mesh reduction
[2017.09.04-22.32.43:483][  0]LogSimplygon: Simplygon DLL not present - disabling.
[2017.09.04-22.32.43:519][  0]LogMeshUtilities: Using SimplygonSwarm for distributed automatic mesh merging
[2017.09.04-22.32.43:519][  0]LogMeshUtilities: No automatic skeletal mesh reduction module available
[2017.09.04-22.32.43:519][  0]LogMeshUtilities: No automatic mesh merging module available
[2017.09.04-22.32.43:955][  0]LogNetVersion: PinballGame , NetCL: 3452394, EngineNetVer: 2, GameNetVer: 0 (Checksum: 3673353605)
[2017.09.04-22.32.44:009][  0]LogAssetRegistry: FAssetRegistry took 0.0255 seconds to start up
[2017.09.04-22.32.44:053][  0]LogPackageLocalizationCache: Processed 4 localized package path(s) for 2 prioritized culture(s) in 0.027690 seconds
[2017.09.04-22.32.44:058][  0]LogUObjectArray: 34194 objects as part of root set at end of initial load.
[2017.09.04-22.32.44:058][  0]LogUObjectAllocator: 7260416 out of 0 bytes used by permanent object pool.
[2017.09.04-22.32.44:058][  0]LogUObjectArray: CloseDisregardForGC: 0/0 objects in disregard for GC pool
[2017.09.04-22.32.44:103][  0]LogInit: WinSock: version 1.1 (2.2), MaxSocks=32767, MaxUdp=65467
[2017.09.04-22.32.45:941][  0]LogTcpMessaging: Initializing TcpMessaging bridge
[2017.09.04-22.32.45:974][  0]LogUdpMessaging: Initializing bridge on interface 0.0.0.0:0 to multicast group 230.0.0.1:6666.
[2017.09.04-22.32.46:373][  0]LogMaterial: Uniform references updated for custom material expression Custom.
[2017.09.04-22.32.46:664][  0]SourceControl: Info Source control is disabled
[2017.09.04-22.32.46:719][  0]SourceControl: Info Source control is disabled
[2017.09.04-22.32.46:755][  0]SourceControl: Info Source control is disabled
[2017.09.04-22.32.46:789][  0]SourceControl: Info Source control is disabled
[2017.09.04-22.32.47:284][  0]LogAndroidPermission: UAndroidPermissionCallbackProxy::GetInstance
[2017.09.04-22.32.47:727][  0]LogEngine: Initializing Engine...
[2017.09.04-22.32.53:442][  0]LogHMD: Failed to initialize OpenVR with code 108
[2017.09.04-22.32.53:442][  0]LogHMD: Oculus plugin initialized. Version: 4.16.3-3561208+++UE4+Release-4.16, LibOVR: 1.17.0, SDK: 1.12.0, built Jul 28 2017, 11:57:22
[2017.09.04-22.32.53:616][  0]LogStats: UGameplayTagsManager::ConstructGameplayTagTree: Construct from data asset -  0.000 s
[2017.09.04-22.32.53:616][  0]LogStats: UGameplayTagsManager::ConstructGameplayTagTree: GameplayTagTreeChangedEvent.Broadcast -  0.000 s
[2017.09.04-22.32.53:706][  0]LogAIModule: Creating AISystem for world Untitled
[2017.09.04-22.32.53:722][  0]LogInit: XAudio2 using 'Realtek Digital Output (Realtek High Definition Audio)' : 2 channels at 48 kHz using 16 bits per sample (channel mask 0x3)
[2017.09.04-22.32.53:736][  0]LogInit: FAudioDevice initialized.
[2017.09.04-22.32.53:788][  0]LogDerivedDataCache: Saved boot cache 0.05s 90MB C:/Users/davis/AppData/Local/UnrealEngine/4.16/DerivedDataCache/Boot.ddc.
[2017.09.04-22.32.53:802][  0]LogInit: Texture streaming: Enabled
[2017.09.04-22.32.53:874][  0]LogEngineSessionManager: EngineSessionManager initialized
[2017.09.04-22.32.54:029][  0]LogInit: Transaction tracking system initialized
[2017.09.04-22.32.54:252][  0]BlueprintLog: New page: Editor Load
[2017.09.04-22.32.54:925][  0]LocalizationService: Info Localization service is disabled
[2017.09.04-22.32.55:414][  0]LogConsoleResponse:Display: 
[2017.09.04-22.32.55:530][  0]LogCook:Display: Max memory allowance for cook 16384mb min free memory 0mb
[2017.09.04-22.32.55:530][  0]LogCook:Display: Mobile HDR setting 1
[2017.09.04-22.32.56:269][  0]LogFileCache: Scanning file cache for directory 'D:/UnrealProjects/PinballGame/Content/' took 0.01s
[2017.09.04-22.32.56:269][  0]SourceControl: Info Source control is disabled
[2017.09.04-22.32.56:269][  0]Cmd: MAP LOAD FILE="../../../Engine/Content/Maps/Templates/Template_Default.umap" TEMPLATE=1 SHOWPROGRESS=1 FEATURELEVEL=3
[2017.09.04-22.32.56:269][  0]LightingResults: New page: Lighting Build
[2017.09.04-22.32.56:299][  0]MapCheck: New page: Map Check
[2017.09.04-22.32.56:299][  0]LightingResults: New page: Lighting Build
[2017.09.04-22.32.56:492][  0]LogAIModule: Creating AISystem for world Untitled_1
[2017.09.04-22.32.56:493][  0]LogActorComponent: RegisterComponentWithWorld: (/Temp/Untitled_1.Untitled_1:PersistentLevel.WorldSettings_1.StaticMeshComponent0) Trying to register component with IsPendingKill() == true. Aborting.
[2017.09.04-22.32.56:496][  0]LogEditorServer: Finished looking for orphan Actors (0.000 secs)
[2017.09.04-22.32.56:511][  0]Cmd: MAP CHECKDEP NOCLEARLOG
[2017.09.04-22.32.56:545][  0]MapCheck: Info Map check complete: 0 Error(s), 0 Warning(s), took 34.769ms to complete.
[2017.09.04-22.32.56:546][  0]LogFileHelpers: Loading map 'Template_Default' took 0.276
[2017.09.04-22.32.56:691][  0]LogCollectionManager: Loaded 0 collections in 0.001441 seconds
[2017.09.04-22.32.56:763][  0]LogFileCache: Scanning file cache for directory 'D:/UnrealProjects/PinballGame/Saved/Collections/' took 0.01s
[2017.09.04-22.32.56:763][  0]LogFileCache: Scanning file cache for directory 'D:/UnrealProjects/PinballGame/Content/Developers/davis/Collections/' took 0.01s
[2017.09.04-22.32.56:763][  0]LogFileCache: Scanning file cache for directory 'D:/UnrealProjects/PinballGame/Content/Collections/' took 0.01s
[2017.09.04-22.32.56:763][  0]LogCollectionManager: Rebuilt the GUID cache for 0 collections in 0.000002 seconds
[2017.09.04-22.32.56:773][  0]LogContentBrowser: Native class hierarchy populated in 0.0099 seconds. Added 2329 classes and 491 folders.
[2017.09.04-22.32.56:820][  0]LogContentBrowser: Native class hierarchy updated for 'WidgetCarousel' in 0.0006 seconds. Added 0 classes and 0 folders.
[2017.09.04-22.32.56:855][  0]LogContentBrowser: Native class hierarchy updated for 'AddContentDialog' in 0.0006 seconds. Added 0 classes and 0 folders.
[2017.09.04-22.32.56:886][  0]LogContentBrowser: Native class hierarchy updated for 'SceneOutliner' in 0.0006 seconds. Added 1 classes and 2 folders.
[2017.09.04-22.32.56:918][  0]LogCrashTracker: Crashtracker disabled due to settings.
[2017.09.04-22.32.56:922][  0]LogSlate: Took 0.000198 seconds to synchronously load lazily loaded font '../../../Engine/Content/Slate/Fonts/Roboto-Regular.ttf' (155K)
[2017.09.04-22.32.56:924][  0]LogSlate: Took 0.000201 seconds to synchronously load lazily loaded font '../../../Engine/Content/Slate/Fonts/Roboto-Bold.ttf' (160K)
[2017.09.04-22.32.56:929][  0]LogSlate: Took 0.000195 seconds to synchronously load lazily loaded font '../../../Engine/Content/Editor/Slate/Fonts/FontAwesome.ttf' (139K)
[2017.09.04-22.32.57:004][  0]LogRenderer: Reallocating scene render targets to support 1208x620 NumSamples 1 (Frame:1).
[2017.09.04-22.32.57:096][  0]LogUObjectGlobals:Warning: Failed to find object 'Class None.'
[2017.09.04-22.32.57:149][  0]LogContentBrowser: Native class hierarchy updated for 'HierarchicalLODOutliner' in 0.0006 seconds. Added 1 classes and 2 folders.
[2017.09.04-22.32.57:149][  0]LogLoad: (Engine Initialization) Total time: 20.49 seconds
[2017.09.04-22.32.57:149][  0]LogLoad: (Engine Initialization) Total Blueprint compile time: 0.07 seconds
[2017.09.04-22.32.57:149][  0]LogExternalProfiler: No external profilers were discovered.  External profiling features will not be available.
[2017.09.04-22.32.57:159][  0]LogWindowsTextInputMethodSystem:Display: IME system now deactivated.
[2017.09.04-22.32.57:159][  0]LogOcInput: OculusInput pre-init called
[2017.09.04-22.32.57:164][  0]LogOcInput: OculusInput is initialized. Init status 0. Runtime version: 1.17.0
[2017.09.04-22.32.57:164][  0]LogHMD: Starting GearVRController plugin
[2017.09.04-22.32.57:177][  0]LogAssetRegistry: Asset discovery search completed in 13.1903 seconds
[2017.09.04-22.32.57:178][  0]LogCollectionManager: Rebuilt the object cache for 0 collections in 0.000001 seconds (found 0 objects)
[2017.09.04-22.32.57:178][  0]LogCollectionManager: Fixed up redirectors for 0 collections in 0.000018 seconds (updated 0 objects)
[2017.09.04-22.32.57:181][  0]LogContentStreaming: Texture pool size now 1000 MB
[2017.09.04-22.32.57:224][  0]LogSlate: Took 0.000190 seconds to synchronously load lazily loaded font '../../../Engine/Content/Slate/Fonts/Roboto-Light.ttf' (159K)
[2017.09.04-22.33.10:828][616]Cmd: MAP LOAD FILE="../../../../../UnrealProjects/PinballGame/Content/PinBallMap.umap" TEMPLATE=0 SHOWPROGRESS=1 FEATURELEVEL=3
[2017.09.04-22.33.10:838][616]LogSlate: Took 0.000155 seconds to synchronously load lazily loaded font '../../../Engine/Content/Slate/Fonts/Roboto-Light.ttf' (159K)
[2017.09.04-22.33.10:844][616]LightingResults: New page: Lighting Build
[2017.09.04-22.33.10:845][616]LoadErrors: New page: Loading map: PinBallMap.umap
[2017.09.04-22.33.10:846][616]MapCheck: New page: Map Check
[2017.09.04-22.33.10:846][616]LightingResults: New page: Lighting Build
[2017.09.04-22.33.10:944][616]LogAIModule: Creating AISystem for world PinBallMap
[2017.09.04-22.33.10:962][616]LogEditorServer: Finished looking for orphan Actors (0.000 secs)
[2017.09.04-22.33.10:989][616]Cmd: MAP CHECKDEP NOCLEARLOG
[2017.09.04-22.33.11:025][616]MapCheck: Info Map check complete: 0 Error(s), 0 Warning(s), took 36.541ms to complete.
[2017.09.04-22.33.11:025][616]LogFileHelpers: Loading map 'PinBallMap' took 0.198
[2017.09.04-22.33.13:309][887]LogTemp: Repeting last play command: Selected Viewport
[2017.09.04-22.33.13:329][887]LogPlayLevel: PlayLevel: No blueprints needed recompiling
[2017.09.04-22.33.13:329][887]PIE: New page: PIE session: PinBallMap (Sep 4, 2017, 2:33:13 PM)
[2017.09.04-22.33.13:329][887]LogPlayLevel: Creating play world package: /Game/UEDPIE_0_PinBallMap
[2017.09.04-22.33.13:334][887]LogPlayLevel: PIE: StaticDuplicateObject took: (0.004456s)
[2017.09.04-22.33.13:334][887]LogAIModule: Creating AISystem for world PinBallMap
[2017.09.04-22.33.13:334][887]LogPlayLevel: PIE: World Init took: (0.000641s)
[2017.09.04-22.33.13:334][887]LogPlayLevel: PIE: Created PIE world by copying editor world from /Game/PinBallMap.PinBallMap to /Game/UEDPIE_0_PinBallMap.PinBallMap (0.005257s)
[2017.09.04-22.33.13:352][887]LogInit: XAudio2 using 'Realtek Digital Output (Realtek High Definition Audio)' : 2 channels at 48 kHz using 16 bits per sample (channel mask 0x3)
[2017.09.04-22.33.13:362][887]LogInit: FAudioDevice initialized.
[2017.09.04-22.33.13:408][887]LogLoad: Game class is 'GameModeBase'
[2017.09.04-22.33.13:411][887]LogWorld: Bringing World /Game/UEDPIE_0_PinBallMap.PinBallMap up for play (max tick rate 0) at 2017.09.04-18.33.13
[2017.09.04-22.33.13:411][887]LogWorld: Bringing up level for play took: 0.001403
[2017.09.04-22.33.13:442][887]LogContentBrowser: Native class hierarchy updated for 'MovieSceneCapture' in 0.0006 seconds. Added 11 classes and 0 folders.
[2017.09.04-22.33.13:442][887]PIE: Info Play in editor start time for /Game/UEDPIE_0_PinBallMap -0.616
[2017.09.04-22.33.22:912][ 15]LogTemp: Repeting last play command: Selected Viewport
[2017.09.04-22.33.22:923][ 15]LogPlayLevel: PlayLevel: No blueprints needed recompiling
[2017.09.04-22.33.22:923][ 15]PIE: New page: PIE session: PinBallMap (Sep 4, 2017, 2:33:22 PM)
[2017.09.04-22.33.22:923][ 15]LogPlayLevel: Creating play world package: /Game/UEDPIE_0_PinBallMap
[2017.09.04-22.33.22:927][ 15]LogPlayLevel: PIE: StaticDuplicateObject took: (0.003776s)
[2017.09.04-22.33.22:927][ 15]LogAIModule: Creating AISystem for world PinBallMap
[2017.09.04-22.33.22:927][ 15]LogPlayLevel: PIE: World Init took: (0.000509s)
[2017.09.04-22.33.22:927][ 15]LogPlayLevel: PIE: Created PIE world by copying editor world from /Game/PinBallMap.PinBallMap to /Game/UEDPIE_0_PinBallMap.PinBallMap (0.004433s)
[2017.09.04-22.33.22:946][ 15]LogInit: XAudio2 using 'Realtek Digital Output (Realtek High Definition Audio)' : 2 channels at 48 kHz using 16 bits per sample (channel mask 0x3)
[2017.09.04-22.33.22:956][ 15]LogInit: FAudioDevice initialized.
[2017.09.04-22.33.22:990][ 15]LogLoad: Game class is 'GameModeBase'
[2017.09.04-22.33.22:992][ 15]LogWorld: Bringing World /Game/UEDPIE_0_PinBallMap.PinBallMap up for play (max tick rate 0) at 2017.09.04-18.33.22
[2017.09.04-22.33.22:992][ 15]LogWorld: Bringing up level for play took: 0.001326
[2017.09.04-22.33.22:993][ 15]PIE: Info Play in editor start time for /Game/UEDPIE_0_PinBallMap 0.934
[2017.09.04-22.33.31:086][978]LogTemp: Repeting last play command: Selected Viewport
[2017.09.04-22.33.31:096][978]LogPlayLevel: PlayLevel: No blueprints needed recompiling
[2017.09.04-22.33.31:096][978]PIE: New page: PIE session: PinBallMap (Sep 4, 2017, 2:33:31 PM)
[2017.09.04-22.33.31:096][978]LogPlayLevel: Creating play world package: /Game/UEDPIE_0_PinBallMap
[2017.09.04-22.33.31:100][978]LogPlayLevel: PIE: StaticDuplicateObject took: (0.003823s)
[2017.09.04-22.33.31:100][978]LogAIModule: Creating AISystem for world PinBallMap
[2017.09.04-22.33.31:100][978]LogPlayLevel: PIE: World Init took: (0.000549s)
[2017.09.04-22.33.31:100][978]LogPlayLevel: PIE: Created PIE world by copying editor world from /Game/PinBallMap.PinBallMap to /Game/UEDPIE_0_PinBallMap.PinBallMap (0.004548s)
[2017.09.04-22.33.31:119][978]LogInit: XAudio2 using 'Realtek Digital Output (Realtek High Definition Audio)' : 2 channels at 48 kHz using 16 bits per sample (channel mask 0x3)
[2017.09.04-22.33.31:129][978]LogInit: FAudioDevice initialized.
[2017.09.04-22.33.31:163][978]LogLoad: Game class is 'GameModeBase'
[2017.09.04-22.33.31:165][978]LogWorld: Bringing World /Game/UEDPIE_0_PinBallMap.PinBallMap up for play (max tick rate 0) at 2017.09.04-18.33.31
[2017.09.04-22.33.31:165][978]LogWorld: Bringing up level for play took: 0.001375
[2017.09.04-22.33.31:166][978]PIE: Info Play in editor start time for /Game/UEDPIE_0_PinBallMap -0.893
[2017.09.04-22.42.26:504][708]LogTemp: Repeting last play command: Selected Viewport
[2017.09.04-22.42.26:514][708]LogPlayLevel: PlayLevel: No blueprints needed recompiling
[2017.09.04-22.42.26:514][708]PIE: New page: PIE session: PinBallMap (Sep 4, 2017, 2:42:26 PM)
[2017.09.04-22.42.26:514][708]LogPlayLevel: Creating play world package: /Game/UEDPIE_0_PinBallMap
[2017.09.04-22.42.26:518][708]LogPlayLevel: PIE: StaticDuplicateObject took: (0.003924s)
[2017.09.04-22.42.26:519][708]LogAIModule: Creating AISystem for world PinBallMap
[2017.09.04-22.42.26:519][708]LogPlayLevel: PIE: World Init took: (0.000670s)
[2017.09.04-22.42.26:519][708]LogPlayLevel: PIE: Created PIE world by copying editor world from /Game/PinBallMap.PinBallMap to /Game/UEDPIE_0_PinBallMap.PinBallMap (0.004786s)
[2017.09.04-22.42.26:537][708]LogInit: XAudio2 using 'Realtek Digital Output (Realtek High Definition Audio)' : 2 channels at 48 kHz using 16 bits per sample (channel mask 0x3)
[2017.09.04-22.42.26:547][708]LogInit: FAudioDevice initialized.
[2017.09.04-22.42.26:580][708]LogLoad: Game class is 'GameModeBase'
[2017.09.04-22.42.26:582][708]LogWorld: Bringing World /Game/UEDPIE_0_PinBallMap.PinBallMap up for play (max tick rate 0) at 2017.09.04-18.42.26
[2017.09.04-22.42.26:582][708]LogWorld: Bringing up level for play took: 0.001367
[2017.09.04-22.42.26:583][708]PIE: Info Play in editor start time for /Game/UEDPIE_0_PinBallMap 0.524
[2017.09.04-22.42.33:842][550]Cmd: QUIT_EDITOR
[2017.09.04-22.42.34:313][550]LogWindowsTextInputMethodSystem:Display: IME system now deactivated.
[2017.09.04-22.42.34:321][550]LogExit: Preparing to exit.
[2017.09.04-22.42.35:289][550]LogDirectoryWatcher: A directory notification for 'D:/UnrealProjects/PinballGame/Content/' was aborted.
[2017.09.04-22.42.35:303][550]LogExit: Editor shut down
[2017.09.04-22.42.35:311][550]LogExit: Transaction tracking system shut down
[2017.09.04-22.42.35:361][550]LogObj: Freed 0b from 0 cluster array pools.
[2017.09.04-22.42.35:361][550]LogExit: Object subsystem successfully closed.
[2017.09.04-22.42.35:389][550]LogD3D11RHI: Shutdown
[2017.09.04-22.42.35:389][550]LogD3D11RHI: CleanupD3DDevice
[2017.09.04-22.42.35:453][550]LogD3D11RHI: ~FD3D11DynamicRHI
[2017.09.04-22.42.35:461][550]LogModuleManager: Shutting down and abandoning module MovieSceneCapture (526)
[2017.09.04-22.42.35:461][550]LogModuleManager: Shutting down and abandoning module HierarchicalLODOutliner (524)
[2017.09.04-22.42.35:461][550]LogModuleManager: Shutting down and abandoning module CrashTracker (522)
[2017.09.04-22.42.35:461][550]LogModuleManager: Shutting down and abandoning module SceneOutliner (520)
[2017.09.04-22.42.35:461][550]LogModuleManager: Shutting down and abandoning module AddContentDialog (518)
[2017.09.04-22.42.35:461][550]LogDirectoryWatcher: A directory notification for 'D:/Unreal/UE_4.16/FeaturePacks/' was aborted.
[2017.09.04-22.42.35:462][550]LogModuleManager: Shutting down and abandoning module WidgetCarousel (517)
[2017.09.04-22.42.35:462][550]LogModuleManager: Shutting down and abandoning module EditorWidgets (514)
[2017.09.04-22.42.35:462][550]LogModuleManager: Shutting down and abandoning module CollectionManager (512)
[2017.09.04-22.42.35:462][550]LogDirectoryWatcher: A directory notification for 'D:/UnrealProjects/PinballGame/Content/Collections/' was aborted.
[2017.09.04-22.42.35:462][550]LogDirectoryWatcher: A directory notification for 'D:/UnrealProjects/PinballGame/Content/Developers/davis/Collections/' was aborted.
[2017.09.04-22.42.35:462][550]LogDirectoryWatcher: A directory notification for 'D:/UnrealProjects/PinballGame/Saved/Collections/' was aborted.
[2017.09.04-22.42.35:462][550]LogModuleManager: Shutting down and abandoning module StatsViewer (510)
[2017.09.04-22.42.35:462][550]LogModuleManager: Shutting down and abandoning module FoliageEdit (508)
[2017.09.04-22.42.35:462][550]LogModuleManager: Shutting down and abandoning module LandscapeEditor (506)
[2017.09.04-22.42.35:462][550]LogModuleManager: Shutting down and abandoning module MeshPaintMode (504)
[2017.09.04-22.42.35:462][550]LogModuleManager: Shutting down and abandoning module SceneDepthPickerMode (502)
[2017.09.04-22.42.35:462][550]LogModuleManager: Shutting down and abandoning module ActorPickerMode (500)
[2017.09.04-22.42.35:462][550]LogModuleManager: Shutting down and abandoning module GeometryMode (498)
[2017.09.04-22.42.35:462][550]LogModuleManager: Shutting down and abandoning module TextureAlignMode (496)
[2017.09.04-22.42.35:462][550]LogModuleManager: Shutting down and abandoning module BspMode (494)
[2017.09.04-22.42.35:462][550]LogModuleManager: Shutting down and abandoning module HardwareSurvey (492)
[2017.09.04-22.42.35:462][550]LogModuleManager: Shutting down and abandoning module SequenceRecorderSections (490)
[2017.09.04-22.42.35:462][550]LogModuleManager: Shutting down and abandoning module AutomationWorker (488)
[2017.09.04-22.42.35:462][550]LogModuleManager: Shutting down and abandoning module MatineeToLevelSequence (486)
[2017.09.04-22.42.35:463][550]LogModuleManager: Shutting down and abandoning module LevelSequenceEditor (484)
[2017.09.04-22.42.35:463][550]LogModuleManager: Shutting down and abandoning module PlacementMode (483)
[2017.09.04-22.42.35:463][550]LogModuleManager: Shutting down and abandoning module WmfMediaFactory (480)
[2017.09.04-22.42.35:463][550]LogModuleManager: Shutting down and abandoning module WmfMediaEditor (478)
[2017.09.04-22.42.35:463][550]LogModuleManager: Shutting down and abandoning module AvfMediaFactory (476)
[2017.09.04-22.42.35:463][550]LogModuleManager: Shutting down and abandoning module AvfMediaEditor (474)
[2017.09.04-22.42.35:463][550]LogModuleManager: Shutting down and abandoning module AndroidMediaFactory (472)
[2017.09.04-22.42.35:463][550]LogModuleManager: Shutting down and abandoning module Media (471)
[2017.09.04-22.42.35:463][550]LogModuleManager: Shutting down and abandoning module AndroidMediaEditor (468)
[2017.09.04-22.42.35:463][550]LogModuleManager: Shutting down and abandoning module CharacterAI (466)
[2017.09.04-22.42.35:463][550]LogModuleManager: Shutting down and abandoning module AudioCapture (464)
[2017.09.04-22.42.35:463][550]LogModuleManager: Shutting down and abandoning module SequenceRecorder (463)
[2017.09.04-22.42.35:463][550]LogModuleManager: Shutting down and abandoning module SmartSnapping (460)
[2017.09.04-22.42.35:463][550]LogModuleManager: Shutting down and abandoning module SessionServices (458)
[2017.09.04-22.42.35:463][550]LogModuleManager: Shutting down and abandoning module ViewportSnapping (456)
[2017.09.04-22.42.35:463][550]LogModuleManager: Shutting down and abandoning module ViewportInteraction (454)
[2017.09.04-22.42.35:463][550]LogModuleManager: Shutting down and abandoning module ClothPainter (452)
[2017.09.04-22.42.35:463][550]LogModuleManager: Shutting down and abandoning module LogVisualizer (450)
[2017.09.04-22.42.35:463][550]LogModuleManager: Shutting down and abandoning module IntroTutorials (448)
[2017.09.04-22.42.35:463][550]LogModuleManager: Shutting down and abandoning module GameProjectGeneration (447)
[2017.09.04-22.42.35:463][550]LogModuleManager: Shutting down and abandoning module EditorLiveStreaming (444)
[2017.09.04-22.42.35:463][550]LogModuleManager: Shutting down and abandoning module IOSPlatformEditor (442)
[2017.09.04-22.42.35:463][550]LogModuleManager: Shutting down and abandoning module HTML5PlatformEditor (440)
[2017.09.04-22.42.35:463][550]LogModuleManager: Shutting down and abandoning module AndroidPlatformEditor (438)
[2017.09.04-22.42.35:463][550]LogModuleManager: Shutting down and abandoning module AndroidDeviceDetection (437)
[2017.09.04-22.42.36:353][550]LogModuleManager: Shutting down and abandoning module IOSRuntimeSettings (434)
[2017.09.04-22.42.36:353][550]LogModuleManager: Shutting down and abandoning module AndroidRuntimeSettings (432)
[2017.09.04-22.42.36:353][550]LogModuleManager: Shutting down and abandoning module InputBindingEditor (430)
[2017.09.04-22.42.36:353][550]LogModuleManager: Shutting down and abandoning module MergeActors (428)
[2017.09.04-22.42.36:353][550]LogModuleManager: Shutting down and abandoning module SizeMap (426)
[2017.09.04-22.42.36:353][550]LogModuleManager: Shutting down and abandoning module TreeMap (424)
[2017.09.04-22.42.36:353][550]LogModuleManager: Shutting down and abandoning module ReferenceViewer (422)
[2017.09.04-22.42.36:353][550]LogModuleManager: Shutting down and abandoning module LocalizationDashboard (420)
[2017.09.04-22.42.36:353][550]LogModuleManager: Shutting down and abandoning module LocalizationService (419)
[2017.09.04-22.42.36:353][550]LogModuleManager: Shutting down and abandoning module HardwareTargeting (416)
[2017.09.04-22.42.36:353][550]LogModuleManager: Shutting down and abandoning module DeviceProfileEditor (414)
[2017.09.04-22.42.36:353][550]LogModuleManager: Shutting down and abandoning module UndoHistory (412)
[2017.09.04-22.42.36:353][550]LogModuleManager: Shutting down and abandoning module UserFeedback (410)
[2017.09.04-22.42.36:353][550]LogModuleManager: Shutting down and abandoning module XmlParser (408)
[2017.09.04-22.42.36:353][550]LogModuleManager: Shutting down and abandoning module Blutility (406)
[2017.09.04-22.42.36:353][550]LogModuleManager: Shutting down and abandoning module ProjectSettingsViewer (404)
[2017.09.04-22.42.36:353][550]LogModuleManager: Shutting down and abandoning module ProjectTargetPlatformEditor (403)
[2017.09.04-22.42.36:353][550]LogModuleManager: Shutting down and abandoning module EditorSettingsViewer (400)
[2017.09.04-22.42.36:353][550]LogModuleManager: Shutting down and abandoning module SettingsEditor (398)
[2017.09.04-22.42.36:353][550]LogModuleManager: Shutting down and abandoning module ProjectLauncher (396)
[2017.09.04-22.42.36:353][550]LogModuleManager: Shutting down and abandoning module SessionFrontend (394)
[2017.09.04-22.42.36:353][550]LogModuleManager: Shutting down and abandoning module ProfilerClient (392)
[2017.09.04-22.42.36:353][550]LogModuleManager: Shutting down and abandoning module DeviceManager (390)
[2017.09.04-22.42.36:353][550]LogModuleManager: Shutting down and abandoning module TargetDeviceServices (389)
[2017.09.04-22.42.36:404][550]LogModuleManager: Shutting down and abandoning module AutomationController (386)
[2017.09.04-22.42.36:404][550]LogModuleManager: Shutting down and abandoning module AutomationWindow (384)
[2017.09.04-22.42.36:404][550]LogModuleManager: Shutting down and abandoning module Layers (382)
[2017.09.04-22.42.36:404][550]LogModuleManager: Shutting down and abandoning module ComponentVisualizers (380)
[2017.09.04-22.42.36:404][550]LogModuleManager: Shutting down and abandoning module DetailCustomizations (378)
[2017.09.04-22.42.36:404][550]LogModuleManager: Shutting down and abandoning module PackagesDialog (376)
[2017.09.04-22.42.36:404][550]LogModuleManager: Shutting down and abandoning module Persona (374)
[2017.09.04-22.42.36:404][550]LogModuleManager: Shutting down and abandoning module AdvancedPreviewScene (373)
[2017.09.04-22.42.36:404][550]LogModuleManager: Shutting down and abandoning module AnimGraph (371)
[2017.09.04-22.42.36:404][550]LogModuleManager: Shutting down and abandoning module Kismet (368)
[2017.09.04-22.42.36:404][550]LogModuleManager: Shutting down and abandoning module ClassViewer (366)
[2017.09.04-22.42.36:404][550]LogModuleManager: Shutting down and abandoning module Toolbox (364)
[2017.09.04-22.42.36:404][550]LogModuleManager: Shutting down and abandoning module ModuleUI (362)
[2017.09.04-22.42.36:404][550]LogModuleManager: Shutting down and abandoning module MovieSceneTools (360)
[2017.09.04-22.42.36:404][550]LogModuleManager: Shutting down and abandoning module OutputLog (358)
[2017.09.04-22.42.36:404][550]LogModuleManager: Shutting down and abandoning module GammaUI (356)
[2017.09.04-22.42.36:404][550]LogModuleManager: Shutting down and abandoning module Documentation (354)
[2017.09.04-22.42.36:404][550]LogModuleManager: Shutting down and abandoning module MovieSceneTracks (352)
[2017.09.04-22.42.36:404][550]LogModuleManager: Shutting down and abandoning module MovieScene (350)
[2017.09.04-22.42.36:404][550]LogModuleManager: Shutting down and abandoning module Niagara (348)
[2017.09.04-22.42.36:404][550]LogModuleManager: Shutting down and abandoning module NiagaraEditor (347)
[2017.09.04-22.42.36:404][550]LogModuleManager: Shutting down and abandoning module StreamingPauseRendering (344)
[2017.09.04-22.42.36:404][550]LogModuleManager: Shutting down and abandoning module AnalyticsET (342)
[2017.09.04-22.42.36:404][550]LogModuleManager: Shutting down and abandoning module PortalServices (340)
[2017.09.04-22.42.36:404][550]LogModuleManager: Shutting down and abandoning module PortalRpc (338)
[2017.09.04-22.42.36:404][550]LogModuleManager: Shutting down and abandoning module MessagingRpc (336)
[2017.09.04-22.42.36:404][550]LogModuleManager: Shutting down and abandoning module AIModule (334)
[2017.09.04-22.42.36:404][550]LogModuleManager: Shutting down and abandoning module GameplayDebugger (333)
[2017.09.04-22.42.36:404][550]LogModuleManager: Shutting down and abandoning module AITestSuite (331)
[2017.09.04-22.42.36:404][550]LogModuleManager: Shutting down and abandoning module ProfilerService (328)
[2017.09.04-22.42.36:472][550]LogModuleManager: Shutting down and abandoning module TaskGraph (326)
[2017.09.04-22.42.36:472][550]LogModuleManager: Shutting down and abandoning module SteamVRController (324)
[2017.09.04-22.42.36:472][550]LogModuleManager: Shutting down and abandoning module SteamVR (322)
[2017.09.04-22.42.36:472][550]LogModuleManager: Shutting down and abandoning module ProceduralMeshComponentEditor (320)
[2017.09.04-22.42.36:472][550]LogModuleManager: Shutting down and abandoning module ProceduralMeshComponent (318)
[2017.09.04-22.42.36:472][550]LogModuleManager: Shutting down and abandoning module OculusLibrary (316)
[2017.09.04-22.42.36:472][550]LogModuleManager: Shutting down and abandoning module OculusInput (314)
[2017.09.04-22.42.36:472][550]LogModuleManager: Shutting down and abandoning module MobilePatchingUtils (312)
[2017.09.04-22.42.36:472][550]LogModuleManager: Shutting down and abandoning module CustomMeshComponent (310)
[2017.09.04-22.42.36:472][550]LogModuleManager: Shutting down and abandoning module CableComponent (308)
[2017.09.04-22.42.36:472][550]LogModuleManager: Shutting down and abandoning module ArchVisCharacter (306)
[2017.09.04-22.42.36:472][550]LogModuleManager: Shutting down and abandoning module AndroidPermission (304)
[2017.09.04-22.42.36:472][550]LogModuleManager: Shutting down and abandoning module MediaPlayerEditor (300)
[2017.09.04-22.42.36:472][550]LogModuleManager: Shutting down and abandoning module HTML5Networking (298)
[2017.09.04-22.42.36:472][550]LogModuleManager: Shutting down and abandoning module AlembicImporter (296)
[2017.09.04-22.42.36:472][550]LogModuleManager: Shutting down and abandoning module AlembicLibrary (295)
[2017.09.04-22.42.36:472][550]LogModuleManager: Shutting down and abandoning module GeometryCache (294)
[2017.09.04-22.42.36:472][550]LogModuleManager: Shutting down and abandoning module GeometryCacheEd (293)
[2017.09.04-22.42.36:472][550]LogModuleManager: Shutting down and abandoning module SuperSearchEditor (288)
[2017.09.04-22.42.36:472][550]LogModuleManager: Shutting down and abandoning module SuperSearch (287)
[2017.09.04-22.42.36:472][550]LogModuleManager: Shutting down and abandoning module SpeedTreeImporter (284)
[2017.09.04-22.42.36:472][550]LogModuleManager: Shutting down and abandoning module PluginBrowser (282)
[2017.09.04-22.42.36:472][550]LogModuleManager: Shutting down and abandoning module MobileLauncherProfileWizard (280)
[2017.09.04-22.42.36:472][550]LogModuleManager: Shutting down and abandoning module VisualStudioSourceCodeAccess (278)
[2017.09.04-22.42.36:472][550]LogModuleManager: Shutting down and abandoning module DesktopPlatform (277)
[2017.09.04-22.42.36:472][550]LogModuleManager: Shutting down and abandoning module UObjectPlugin (274)
[2017.09.04-22.42.36:472][550]LogModuleManager: Shutting down and abandoning module SubversionSourceControl (272)
[2017.09.04-22.42.36:472][550]LogModuleManager: Shutting down and abandoning module PerforceSourceControl (270)
[2017.09.04-22.42.36:472][550]LogModuleManager: Shutting down and abandoning module GitSourceControl (268)
[2017.09.04-22.42.36:472][550]LogModuleManager: Shutting down and abandoning module SourceControl (267)
[2017.09.04-22.42.36:472][550]LogModuleManager: Shutting down and abandoning module LightPropagationVolumeEditor (264)
[2017.09.04-22.42.36:472][550]LogModuleManager: Shutting down and abandoning module PaperTiledImporter (262)
[2017.09.04-22.42.36:472][550]LogModuleManager: Shutting down and abandoning module PaperSpriteSheetImporter (260)
[2017.09.04-22.42.36:472][550]LogModuleManager: Shutting down and abandoning module Paper2DEditor (258)
[2017.09.04-22.42.36:472][550]LogModuleManager: Shutting down and abandoning module MeshPaint (257)
[2017.09.04-22.42.36:472][550]LogModuleManager: Shutting down and abandoning module LevelEditor (255)
[2017.09.04-22.42.36:473][550]LogModuleManager: Shutting down and abandoning module PixelInspectorModule (254)
[2017.09.04-22.42.36:473][550]LogModuleManager: Shutting down and abandoning module MainFrame (252)
[2017.09.04-22.42.36:473][550]LogModuleManager: Shutting down and abandoning module HotReload (251)
[2017.09.04-22.42.36:473][550]LogModuleManager: Shutting down and abandoning module PhysXVehiclesEditor (246)
[2017.09.04-22.42.36:473][550]LogModuleManager: Shutting down and abandoning module PhysXVehicles (244)
[2017.09.04-22.42.36:473][550]LogModuleManager: Shutting down and abandoning module LocationServicesBPLibrary (242)
[2017.09.04-22.42.36:473][550]LogModuleManager: Shutting down and abandoning module ImmediatePhysicsEditor (240)
[2017.09.04-22.42.36:473][550]LogModuleManager: Shutting down and abandoning module ImmediatePhysics (238)
[2017.09.04-22.42.36:473][550]LogModuleManager: Shutting down and abandoning module UdpMessaging (236)
[2017.09.04-22.42.36:574][550]LogModuleManager: Shutting down and abandoning module TcpMessaging (234)
[2017.09.04-22.42.36:674][550]LogModuleManager: Shutting down and abandoning module GameplayTagsEditor (232)
[2017.09.04-22.42.36:674][550]LogModuleManager: Shutting down and abandoning module FacialAnimationEditor (230)
[2017.09.04-22.42.36:674][550]LogModuleManager: Shutting down and abandoning module FacialAnimation (228)
[2017.09.04-22.42.36:674][550]LogModuleManager: Shutting down and abandoning module AssetManagerEditor (226)
[2017.09.04-22.42.36:674][550]LogModuleManager: Shutting down and abandoning module GraphEditor (225)
[2017.09.04-22.42.36:674][550]LogModuleManager: Shutting down and abandoning module ContentBrowser (223)
[2017.09.04-22.42.36:674][550]LogModuleManager: Shutting down and abandoning module LightPropagationVolumeRuntime (220)
[2017.09.04-22.42.36:674][550]LogModuleManager: Shutting down and abandoning module Paper2D (218)
[2017.09.04-22.42.36:674][550]LogModuleManager: Shutting down and abandoning module WindowsMoviePlayer (216)
[2017.09.04-22.42.36:674][550]LogModuleManager: Shutting down and abandoning module WmfMedia (214)
[2017.09.04-22.42.36:675][550]LogModuleManager: Shutting down and abandoning module ClothingSystemEditor (212)
[2017.09.04-22.42.36:675][550]LogModuleManager: Shutting down and abandoning module ClothingSystemRuntime (210)
[2017.09.04-22.42.36:675][550]LogModuleManager: Shutting down and abandoning module MediaAssets (208)
[2017.09.04-22.42.36:675][550]LogModuleManager: Shutting down and abandoning module GameLiveStreaming (206)
[2017.09.04-22.42.36:675][550]LogModuleManager: Shutting down and abandoning module VREditor (204)
[2017.09.04-22.42.36:675][550]LogModuleManager: Shutting down and abandoning module StringTableEditor (202)
[2017.09.04-22.42.36:675][550]LogModuleManager: Shutting down and abandoning module GameplayTasksEditor (200)
[2017.09.04-22.42.36:675][550]LogModuleManager: Shutting down and abandoning module BehaviorTreeEditor (198)
[2017.09.04-22.42.36:675][550]LogModuleManager: Shutting down and abandoning module FunctionalTesting (196)
[2017.09.04-22.42.36:675][550]LogModuleManager: Shutting down and abandoning module CollisionAnalyzer (194)
[2017.09.04-22.42.36:675][550]LogModuleManager: Shutting down and abandoning module UMG (192)
[2017.09.04-22.42.36:675][550]LogModuleManager: Shutting down and abandoning module UMGEditor (191)
[2017.09.04-22.42.36:675][550]LogModuleManager: Shutting down and abandoning module Sequencer (190)
[2017.09.04-22.42.36:675][550]LogModuleManager: Shutting down and abandoning module AssetTools (188)
[2017.09.04-22.42.36:675][550]LogModuleManager: Shutting down and abandoning module MessageLog (187)
[2017.09.04-22.42.36:675][550]LogModuleManager: Shutting down and abandoning module WorkspaceMenuStructure (186)
[2017.09.04-22.42.36:675][550]LogModuleManager: Shutting down and abandoning module SlateReflector (180)
[2017.09.04-22.42.36:675][550]LogModuleManager: Shutting down and abandoning module Slate (178)
[2017.09.04-22.42.36:675][550]LogModuleManager: Shutting down and abandoning module EditorStyle (176)
[2017.09.04-22.42.36:677][550]LogModuleManager: Shutting down and abandoning module SourceCodeAccess (174)
[2017.09.04-22.42.36:677][550]LogModuleManager: Shutting down and abandoning module HeadMountedDisplay (172)
[2017.09.04-22.42.36:677][550]LogModuleManager: Shutting down and abandoning module XAudio2 (170)
[2017.09.04-22.42.36:677][550]LogModuleManager: Shutting down and abandoning module Networking (168)
[2017.09.04-22.42.36:677][550]LogModuleManager: Shutting down and abandoning module Core (164)
[2017.09.04-22.42.36:677][550]LogModuleManager: Shutting down and abandoning module AssetRegistry (162)
[2017.09.04-22.42.36:733][550]LogDirectoryWatcher: A directory notification for '../../../Engine/Content/' was aborted.
[2017.09.04-22.42.36:733][550]LogDirectoryWatcher: A directory notification for '../../../../../UnrealProjects/PinballGame/Content/' was aborted.
[2017.09.04-22.42.36:733][550]LogDirectoryWatcher: A directory notification for '../../../Engine/Plugins/2D/Paper2D/Content/' was aborted.
[2017.09.04-22.42.36:733][550]LogDirectoryWatcher: A directory notification for '../../../Engine/Plugins/Runtime/GearVR/Content/' was aborted.
[2017.09.04-22.42.36:735][550]LogModuleManager: Shutting down and abandoning module DirectoryWatcher (161)
[2017.09.04-22.42.36:736][550]LogModuleManager: Shutting down and abandoning module KismetCompiler (158)
[2017.09.04-22.42.36:736][550]LogModuleManager: Shutting down and abandoning module LevelSequence (156)
[2017.09.04-22.42.36:736][550]LogModuleManager: Shutting down and abandoning module PhysXFormats (154)
[2017.09.04-22.42.36:736][550]LogModuleManager: Shutting down and abandoning module MeshUtilities (152)
[2017.09.04-22.42.36:736][550]LogModuleManager: Shutting down and abandoning module SimplygonSwarm (151)
[2017.09.04-22.42.36:736][550]LogModuleManager: Shutting down and abandoning module SimplygonMeshReduction (149)
[2017.09.04-22.42.36:736][550]LogModuleManager: Shutting down and abandoning module QuadricMeshReduction (147)
[2017.09.04-22.42.36:736][550]LogModuleManager: Shutting down and abandoning module DerivedDataCache (144)
[2017.09.04-22.42.36:796][550]LogDerivedDataCache: Shutdown
[2017.09.04-22.42.36:796][550]LogModuleManager: Shutting down and abandoning module TargetPlatform (142)
[2017.09.04-22.42.36:796][550]LogModuleManager: Shutting down and abandoning module VulkanShaderFormat (141)
[2017.09.04-22.42.36:796][550]LogModuleManager: Shutting down and abandoning module ShaderFormatVectorVM (139)
[2017.09.04-22.42.36:796][550]LogModuleManager: Shutting down and abandoning module ShaderFormatOpenGL (137)
[2017.09.04-22.42.36:796][550]LogModuleManager: Shutting down and abandoning module ShaderFormatD3D (135)
[2017.09.04-22.42.36:796][550]LogModuleManager: Shutting down and abandoning module MetalShaderFormat (133)
[2017.09.04-22.42.36:796][550]LogModuleManager: Shutting down and abandoning module TextureFormatUncompressed (131)
[2017.09.04-22.42.36:796][550]LogModuleManager: Shutting down and abandoning module TextureFormatPVR (129)
[2017.09.04-22.42.36:796][550]LogModuleManager: Shutting down and abandoning module TextureFormatDXT (127)
[2017.09.04-22.42.36:796][550]LogModuleManager: Shutting down and abandoning module TextureFormatIntelISPCTexComp (125)
[2017.09.04-22.42.36:796][550]LogModuleManager: Shutting down and abandoning module TextureFormatASTC (123)
[2017.09.04-22.42.36:796][550]LogModuleManager: Shutting down and abandoning module ImageWrapper (122)
[2017.09.04-22.42.36:796][550]LogModuleManager: Shutting down and abandoning module TextureFormatAndroid (119)
[2017.09.04-22.42.36:796][550]LogModuleManager: Shutting down and abandoning module AudioFormatOpus (117)
[2017.09.04-22.42.36:796][550]LogModuleManager: Shutting down and abandoning module AudioFormatOgg (115)
[2017.09.04-22.42.36:796][550]LogModuleManager: Shutting down and abandoning module AudioFormatADPCM (113)
[2017.09.04-22.42.36:796][550]LogModuleManager: Shutting down and abandoning module LinuxTargetPlatform (111)
[2017.09.04-22.42.36:796][550]LogModuleManager: Shutting down and abandoning module LinuxServerTargetPlatform (109)
[2017.09.04-22.42.36:796][550]LogModuleManager: Shutting down and abandoning module LinuxNoEditorTargetPlatform (107)
[2017.09.04-22.42.36:796][550]LogModuleManager: Shutting down and abandoning module LinuxClientTargetPlatform (105)
[2017.09.04-22.42.36:796][550]LogModuleManager: Shutting down and abandoning module TVOSTargetPlatform (103)
[2017.09.04-22.42.36:796][550]LogModuleManager: Shutting down and abandoning module Messaging (101)
[2017.09.04-22.42.36:796][550]LogModuleManager: Shutting down and abandoning module IOSTargetPlatform (99)
[2017.09.04-22.42.36:796][550]LogModuleManager: Shutting down and abandoning module HTML5TargetPlatform (97)
[2017.09.04-22.42.36:796][550]LogModuleManager: Shutting down and abandoning module Android_PVRTCTargetPlatform (95)
[2017.09.04-22.42.36:796][550]LogModuleManager: Shutting down and abandoning module Android_MultiTargetPlatform (93)
[2017.09.04-22.42.36:796][550]LogModuleManager: Shutting down and abandoning module Android_ETC2TargetPlatform (91)
[2017.09.04-22.42.36:796][550]LogModuleManager: Shutting down and abandoning module Android_ETC1TargetPlatform (89)
[2017.09.04-22.42.36:796][550]LogModuleManager: Shutting down and abandoning module Android_DXTTargetPlatform (87)
[2017.09.04-22.42.36:796][550]LogModuleManager: Shutting down and abandoning module Android_ATCTargetPlatform (85)
[2017.09.04-22.42.36:796][550]LogModuleManager: Shutting down and abandoning module Android_ASTCTargetPlatform (83)
[2017.09.04-22.42.36:796][550]LogModuleManager: Shutting down and abandoning module AndroidTargetPlatform (81)
[2017.09.04-22.42.36:796][550]LogModuleManager: Shutting down and abandoning module WindowsTargetPlatform (79)
[2017.09.04-22.42.36:796][550]LogModuleManager: Shutting down and abandoning module WindowsServerTargetPlatform (77)
[2017.09.04-22.42.36:796][550]LogModuleManager: Shutting down and abandoning module WindowsNoEditorTargetPlatform (75)
[2017.09.04-22.42.36:796][550]LogModuleManager: Shutting down and abandoning module WindowsClientTargetPlatform (73)
[2017.09.04-22.42.36:796][550]LogModuleManager: Shutting down and abandoning module MacTargetPlatform (71)
[2017.09.04-22.42.36:796][550]LogModuleManager: Shutting down and abandoning module MacServerTargetPlatform (69)
[2017.09.04-22.42.36:796][550]LogModuleManager: Shutting down and abandoning module MacNoEditorTargetPlatform (67)
[2017.09.04-22.42.36:796][550]LogModuleManager: Shutting down and abandoning module MacClientTargetPlatform (65)
[2017.09.04-22.42.36:797][550]LogModuleManager: Shutting down and abandoning module AllDesktopTargetPlatform (63)
[2017.09.04-22.42.36:797][550]LogModuleManager: Shutting down and abandoning module InputCore (60)
[2017.09.04-22.42.36:797][550]LogModuleManager: Shutting down and abandoning module Settings (58)
[2017.09.04-22.42.36:797][550]LogModuleManager: Shutting down and abandoning module OculusRift (56)
[2017.09.04-22.42.36:797][550]LogHMD: Oculus shutdown.
[2017.09.04-22.42.36:797][550]LogModuleManager: Shutting down and abandoning module GearVRController (54)
[2017.09.04-22.42.36:797][550]LogModuleManager: Shutting down and abandoning module GearVR (52)
[2017.09.04-22.42.36:797][550]LogModuleManager: Shutting down and abandoning module ExampleDeviceProfileSelector (50)
[2017.09.04-22.42.36:797][550]LogModuleManager: Shutting down and abandoning module OnlineBlueprintSupport (48)
[2017.09.04-22.42.36:797][550]LogModuleManager: Shutting down and abandoning module OnlineSubsystem (44)
[2017.09.04-22.42.36:797][550]LogOnline:Display: Unloading online subsystem: NULL
[2017.09.04-22.42.36:797][550]LogModuleManager: Shutting down and abandoning module XMPP (43)
[2017.09.04-22.42.36:797][550]LogModuleManager: Shutting down and abandoning module HTTP (41)
[2017.09.04-22.42.36:797][550]LogHttp:Display: Http module shutting down, but needs to wait on 1 outstanding Http requests:
[2017.09.04-22.42.36:797][550]LogHttp:Display: 	verb=[POST] url=[https://datarouter.ol.epicgames.com/datarouter/api/v1/public/data?SessionID=%7B21EC7B92-41F4-9CFC-F3A4-8283DE506FE9%7D&AppID=UEEditor.Rocket.Release&AppVersion=4.16.3-3561208%2B%2B%2BUE4%2BRelease-4.16&UserID=305ea6b34c8f866325d231bafb5ddc37%7Cbec179cc35744bab8a54fa4f8f647cf5%7Cc5d45598-3935-4c81-8a65-b38597ad4997&AppEnvironment=datacollector-binary&UploadType=eteventstream] status=Processing
[2017.09.04-22.42.36:816][550]LogModuleManager: Shutting down and abandoning module SSL (40)
[2017.09.04-22.42.36:817][550]LogModuleManager: Shutting down and abandoning module HTTPChunkInstaller (36)
[2017.09.04-22.42.36:817][550]LogModuleManager: Shutting down and abandoning module AnimationModifiers (34)
[2017.09.04-22.42.36:817][550]LogModuleManager: Shutting down and abandoning module PropertyEditor (33)
[2017.09.04-22.42.36:817][550]LogModuleManager: Shutting down and abandoning module AudioEditor (30)
[2017.09.04-22.42.36:817][550]LogModuleManager: Shutting down and abandoning module TextureCompressor (28)
[2017.09.04-22.42.36:817][550]LogModuleManager: Shutting down and abandoning module ShaderCore (26)
[2017.09.04-22.42.36:817][550]LogModuleManager: Shutting down and abandoning module Landscape (24)
[2017.09.04-22.42.36:817][550]LogModuleManager: Shutting down and abandoning module SlateRHIRenderer (22)
[2017.09.04-22.42.36:818][550]LogModuleManager: Shutting down and abandoning module OpenGLDrv (20)
[2017.09.04-22.42.36:818][550]LogModuleManager: Shutting down and abandoning module D3D11RHI (18)
[2017.09.04-22.42.36:818][550]LogModuleManager: Shutting down and abandoning module AnimGraphRuntime (16)
[2017.09.04-22.42.36:818][550]LogModuleManager: Shutting down and abandoning module Renderer (14)
[2017.09.04-22.42.36:818][550]LogModuleManager: Shutting down and abandoning module Engine (12)
[2017.09.04-22.42.36:818][550]LogModuleManager: Shutting down and abandoning module CoreUObject (10)
[2017.09.04-22.42.36:818][550]LogModuleManager: Shutting down and abandoning module NetworkFile (8)
[2017.09.04-22.42.36:818][550]LogModuleManager: Shutting down and abandoning module StreamingFile (6)
[2017.09.04-22.42.36:818][550]LogModuleManager: Shutting down and abandoning module SandboxFile (4)
[2017.09.04-22.42.36:818][550]LogModuleManager: Shutting down and abandoning module PakFile (2)
[2017.09.04-22.42.36:820][550]LogExit: Exiting.
[2017.09.04-22.42.36:828][550]Log file closed, 09/04/17 18:42:36
